2023-08-16 11:28:51,154 INFO o.a.j.u.JMeterUtils: Setting Locale to es_419
2023-08-16 11:28:51,192 INFO o.a.j.u.JMeterUtils: Could not find resources for 'es_419', using 'es'
2023-08-16 11:28:51,192 INFO o.a.j.JMeter: Loading user properties from: user.properties
2023-08-16 11:28:51,192 INFO o.a.j.JMeter: Loading system properties from: system.properties
2023-08-16 11:28:51,196 INFO o.a.j.JMeter: Copyright (c) 1998-2023 The Apache Software Foundation
2023-08-16 11:28:51,196 INFO o.a.j.JMeter: Version 5.6.2
2023-08-16 11:28:51,196 INFO o.a.j.JMeter: java.version=20.0.2
2023-08-16 11:28:51,196 INFO o.a.j.JMeter: java.vm.name=Java HotSpot(TM) 64-Bit Server VM
2023-08-16 11:28:51,196 INFO o.a.j.JMeter: os.name=Mac OS X
2023-08-16 11:28:51,196 INFO o.a.j.JMeter: os.arch=aarch64
2023-08-16 11:28:51,196 INFO o.a.j.JMeter: os.version=13.5
2023-08-16 11:28:51,196 INFO o.a.j.JMeter: file.encoding=UTF-8
2023-08-16 11:28:51,196 INFO o.a.j.JMeter: java.awt.headless=null
2023-08-16 11:28:51,196 INFO o.a.j.JMeter: Max memory     =2147483648
2023-08-16 11:28:51,196 INFO o.a.j.JMeter: Available Processors =8
2023-08-16 11:28:51,202 INFO o.a.j.JMeter: Default Locale=español (Latinoamérica)
2023-08-16 11:28:51,202 INFO o.a.j.JMeter: JMeter  Locale=español (Latinoamérica)
2023-08-16 11:28:51,202 INFO o.a.j.JMeter: JMeterHome=/Users/rosmarydiaz/apache-jmeter-5.6.2
2023-08-16 11:28:51,202 INFO o.a.j.JMeter: user.dir  =/Users/rosmarydiaz/apache-jmeter-5.6.2/bin
2023-08-16 11:28:51,202 INFO o.a.j.JMeter: PWD       =/Users/rosmarydiaz/apache-jmeter-5.6.2/bin
2023-08-16 11:28:51,203 INFO o.a.j.JMeter: IP: 127.0.0.1 Name: MacBook-Air-de-Rosmary.local FullName: localhost
2023-08-16 11:28:51,210 INFO o.a.j.JMeter: Loaded icon properties from org/apache/jmeter/images/icon.properties
2023-08-16 11:28:51,700 INFO o.a.j.JMeterGuiLauncher: Setting LAF to: laf:com.apple.laf.AquaLookAndFeel
2023-08-16 11:30:30,095 INFO o.a.j.s.FileServer: Default base='/Users/rosmarydiaz/apache-jmeter-5.6.2/bin'
2023-08-16 11:30:30,099 INFO o.a.j.g.a.Load: Loading file: /Users/rosmarydiaz/apache-jmeter-5.6.2/bin/Plan de Pruebas Performance Ricardo Díaz.jmx
2023-08-16 11:30:30,099 INFO o.a.j.s.FileServer: Set new base='/Users/rosmarydiaz/apache-jmeter-5.6.2/bin'
2023-08-16 11:30:30,200 INFO o.a.j.s.SaveService: Testplan (JMX) version: 2.2. Testlog (JTL) version: 2.2
2023-08-16 11:30:30,214 INFO o.a.j.s.SaveService: Using SaveService properties version 5.0
2023-08-16 11:30:30,215 INFO o.a.j.s.SaveService: Using SaveService properties file encoding UTF-8
2023-08-16 11:30:30,215 INFO o.a.j.s.SaveService: Loading file: /Users/rosmarydiaz/apache-jmeter-5.6.2/bin/Plan de Pruebas Performance Ricardo Díaz.jmx
2023-08-16 11:30:30,243 INFO o.a.j.p.h.s.HTTPSamplerBase: Parser for text/html is org.apache.jmeter.protocol.http.parser.LagartoBasedHtmlParser
2023-08-16 11:30:30,244 INFO o.a.j.p.h.s.HTTPSamplerBase: Parser for application/xhtml+xml is org.apache.jmeter.protocol.http.parser.LagartoBasedHtmlParser
2023-08-16 11:30:30,244 INFO o.a.j.p.h.s.HTTPSamplerBase: Parser for application/xml is org.apache.jmeter.protocol.http.parser.LagartoBasedHtmlParser
2023-08-16 11:30:30,244 INFO o.a.j.p.h.s.HTTPSamplerBase: Parser for text/xml is org.apache.jmeter.protocol.http.parser.LagartoBasedHtmlParser
2023-08-16 11:30:30,244 INFO o.a.j.p.h.s.HTTPSamplerBase: Parser for text/vnd.wap.wml is org.apache.jmeter.protocol.http.parser.RegexpHTMLParser
2023-08-16 11:30:30,244 INFO o.a.j.p.h.s.HTTPSamplerBase: Parser for text/css is org.apache.jmeter.protocol.http.parser.CssParser
2023-08-16 11:30:30,357 INFO o.a.j.s.SampleResult: Note: Sample TimeStamps are START times
2023-08-16 11:30:30,357 INFO o.a.j.s.SampleResult: sampleresult.default.encoding is set to UTF-8
2023-08-16 11:30:30,357 INFO o.a.j.s.SampleResult: sampleresult.useNanoTime=true
2023-08-16 11:30:30,357 INFO o.a.j.s.SampleResult: sampleresult.nanoThreadSleep=5000
2023-08-16 11:30:30,571 INFO o.a.j.s.FileServer: Set new base='/Users/rosmarydiaz/apache-jmeter-5.6.2/bin'
2023-08-16 11:31:16,109 INFO o.a.j.e.StandardJMeterEngine: Running the test!
2023-08-16 11:31:16,110 INFO o.a.j.s.SampleEvent: List of sample_variables: []
2023-08-16 11:31:16,110 INFO o.a.j.s.SampleEvent: List of sample_variables: []
2023-08-16 11:31:16,111 INFO o.a.j.e.u.CompoundVariable: Note: Function class names must contain the string: '.functions.'
2023-08-16 11:31:16,111 INFO o.a.j.e.u.CompoundVariable: Note: Function class names must not contain the string: '.gui.'
2023-08-16 11:31:16,134 INFO o.a.j.g.u.JMeterMenuBar: setRunning(true, *local*)
2023-08-16 11:31:16,157 INFO o.a.j.e.StandardJMeterEngine: Starting ThreadGroup: 1 : Thread Group PetStore
2023-08-16 11:31:16,157 INFO o.a.j.e.StandardJMeterEngine: Starting 5 threads for group Thread Group PetStore.
2023-08-16 11:31:16,157 INFO o.a.j.e.StandardJMeterEngine: Thread will continue on error
2023-08-16 11:31:16,158 INFO o.a.j.t.ThreadGroup: Starting thread group... number=1 threads=5 ramp-up=5 delayedStart=false
2023-08-16 11:31:16,161 INFO o.a.j.t.ThreadGroup: Started thread group number 1
2023-08-16 11:31:16,161 INFO o.a.j.e.StandardJMeterEngine: All thread groups have been started
2023-08-16 11:31:16,161 INFO o.a.j.t.JMeterThread: Thread started: Thread Group PetStore 1-1
2023-08-16 11:31:16,163 INFO o.a.j.s.FileServer: Stored: /data/ordPet.csv
2023-08-16 11:31:16,163 ERROR o.a.j.t.JMeterThread: Test failed!
java.lang.IllegalArgumentException: Could not read file header line for file /data/ordPet.csv
	at org.apache.jmeter.services.FileServer.reserveFile(FileServer.java:283) ~[ApacheJMeter_core.jar:5.6.2]
	at org.apache.jmeter.config.CSVDataSet.initVars(CSVDataSet.java:208) ~[ApacheJMeter_components.jar:5.6.2]
	at org.apache.jmeter.config.CSVDataSet.iterationStart(CSVDataSet.java:171) ~[ApacheJMeter_components.jar:5.6.2]
	at org.apache.jmeter.control.GenericController.fireIterationStart(GenericController.java:412) ~[ApacheJMeter_core.jar:5.6.2]
	at org.apache.jmeter.control.GenericController.fireIterEvents(GenericController.java:404) ~[ApacheJMeter_core.jar:5.6.2]
	at org.apache.jmeter.control.GenericController.next(GenericController.java:170) ~[ApacheJMeter_core.jar:5.6.2]
	at org.apache.jmeter.control.LoopController.next(LoopController.java:119) ~[ApacheJMeter_core.jar:5.6.2]
	at org.apache.jmeter.threads.AbstractThreadGroup.next(AbstractThreadGroup.java:109) ~[ApacheJMeter_core.jar:5.6.2]
	at org.apache.jmeter.threads.JMeterThread.run(JMeterThread.java:266) ~[ApacheJMeter_core.jar:5.6.2]
	at java.lang.Thread.run(Thread.java:1623) [?:?]
Caused by: java.lang.IllegalArgumentException: File ordPet.csv must exist and be readable
	at org.apache.jmeter.services.FileServer.createBufferedReader(FileServer.java:424) ~[ApacheJMeter_core.jar:5.6.2]
	at org.apache.jmeter.services.FileServer.readLine(FileServer.java:340) ~[ApacheJMeter_core.jar:5.6.2]
	at org.apache.jmeter.services.FileServer.readLine(FileServer.java:324) ~[ApacheJMeter_core.jar:5.6.2]
	at org.apache.jmeter.services.FileServer.reserveFile(FileServer.java:272) ~[ApacheJMeter_core.jar:5.6.2]
	... 9 more
2023-08-16 11:31:16,166 INFO o.a.j.t.JMeterThread: Thread finished: Thread Group PetStore 1-1
2023-08-16 11:31:17,161 INFO o.a.j.t.JMeterThread: Thread started: Thread Group PetStore 1-2
2023-08-16 11:31:17,162 ERROR o.a.j.t.JMeterThread: Test failed!
java.lang.IllegalArgumentException: Could not read file header line for file /data/ordPet.csv
	at org.apache.jmeter.services.FileServer.reserveFile(FileServer.java:283) ~[ApacheJMeter_core.jar:5.6.2]
	at org.apache.jmeter.config.CSVDataSet.initVars(CSVDataSet.java:208) ~[ApacheJMeter_components.jar:5.6.2]
	at org.apache.jmeter.config.CSVDataSet.iterationStart(CSVDataSet.java:171) ~[ApacheJMeter_components.jar:5.6.2]
	at org.apache.jmeter.control.GenericController.fireIterationStart(GenericController.java:412) ~[ApacheJMeter_core.jar:5.6.2]
	at org.apache.jmeter.control.GenericController.fireIterEvents(GenericController.java:404) ~[ApacheJMeter_core.jar:5.6.2]
	at org.apache.jmeter.control.GenericController.next(GenericController.java:170) ~[ApacheJMeter_core.jar:5.6.2]
	at org.apache.jmeter.control.LoopController.next(LoopController.java:119) ~[ApacheJMeter_core.jar:5.6.2]
	at org.apache.jmeter.threads.AbstractThreadGroup.next(AbstractThreadGroup.java:109) ~[ApacheJMeter_core.jar:5.6.2]
	at org.apache.jmeter.threads.JMeterThread.run(JMeterThread.java:266) ~[ApacheJMeter_core.jar:5.6.2]
	at java.lang.Thread.run(Thread.java:1623) [?:?]
Caused by: java.lang.IllegalArgumentException: File ordPet.csv must exist and be readable
	at org.apache.jmeter.services.FileServer.createBufferedReader(FileServer.java:424) ~[ApacheJMeter_core.jar:5.6.2]
	at org.apache.jmeter.services.FileServer.readLine(FileServer.java:340) ~[ApacheJMeter_core.jar:5.6.2]
	at org.apache.jmeter.services.FileServer.readLine(FileServer.java:324) ~[ApacheJMeter_core.jar:5.6.2]
	at org.apache.jmeter.services.FileServer.reserveFile(FileServer.java:272) ~[ApacheJMeter_core.jar:5.6.2]
	... 9 more
2023-08-16 11:31:17,162 INFO o.a.j.t.JMeterThread: Thread finished: Thread Group PetStore 1-2
2023-08-16 11:31:18,165 INFO o.a.j.t.JMeterThread: Thread started: Thread Group PetStore 1-3
2023-08-16 11:31:18,167 ERROR o.a.j.t.JMeterThread: Test failed!
java.lang.IllegalArgumentException: Could not read file header line for file /data/ordPet.csv
	at org.apache.jmeter.services.FileServer.reserveFile(FileServer.java:283) ~[ApacheJMeter_core.jar:5.6.2]
	at org.apache.jmeter.config.CSVDataSet.initVars(CSVDataSet.java:208) ~[ApacheJMeter_components.jar:5.6.2]
	at org.apache.jmeter.config.CSVDataSet.iterationStart(CSVDataSet.java:171) ~[ApacheJMeter_components.jar:5.6.2]
	at org.apache.jmeter.control.GenericController.fireIterationStart(GenericController.java:412) ~[ApacheJMeter_core.jar:5.6.2]
	at org.apache.jmeter.control.GenericController.fireIterEvents(GenericController.java:404) ~[ApacheJMeter_core.jar:5.6.2]
	at org.apache.jmeter.control.GenericController.next(GenericController.java:170) ~[ApacheJMeter_core.jar:5.6.2]
	at org.apache.jmeter.control.LoopController.next(LoopController.java:119) ~[ApacheJMeter_core.jar:5.6.2]
	at org.apache.jmeter.threads.AbstractThreadGroup.next(AbstractThreadGroup.java:109) ~[ApacheJMeter_core.jar:5.6.2]
	at org.apache.jmeter.threads.JMeterThread.run(JMeterThread.java:266) ~[ApacheJMeter_core.jar:5.6.2]
	at java.lang.Thread.run(Thread.java:1623) [?:?]
Caused by: java.lang.IllegalArgumentException: File ordPet.csv must exist and be readable
	at org.apache.jmeter.services.FileServer.createBufferedReader(FileServer.java:424) ~[ApacheJMeter_core.jar:5.6.2]
	at org.apache.jmeter.services.FileServer.readLine(FileServer.java:340) ~[ApacheJMeter_core.jar:5.6.2]
	at org.apache.jmeter.services.FileServer.readLine(FileServer.java:324) ~[ApacheJMeter_core.jar:5.6.2]
	at org.apache.jmeter.services.FileServer.reserveFile(FileServer.java:272) ~[ApacheJMeter_core.jar:5.6.2]
	... 9 more
2023-08-16 11:31:18,168 INFO o.a.j.t.JMeterThread: Thread finished: Thread Group PetStore 1-3
2023-08-16 11:31:19,161 INFO o.a.j.t.JMeterThread: Thread started: Thread Group PetStore 1-4
2023-08-16 11:31:19,162 ERROR o.a.j.t.JMeterThread: Test failed!
java.lang.IllegalArgumentException: Could not read file header line for file /data/ordPet.csv
	at org.apache.jmeter.services.FileServer.reserveFile(FileServer.java:283) ~[ApacheJMeter_core.jar:5.6.2]
	at org.apache.jmeter.config.CSVDataSet.initVars(CSVDataSet.java:208) ~[ApacheJMeter_components.jar:5.6.2]
	at org.apache.jmeter.config.CSVDataSet.iterationStart(CSVDataSet.java:171) ~[ApacheJMeter_components.jar:5.6.2]
	at org.apache.jmeter.control.GenericController.fireIterationStart(GenericController.java:412) ~[ApacheJMeter_core.jar:5.6.2]
	at org.apache.jmeter.control.GenericController.fireIterEvents(GenericController.java:404) ~[ApacheJMeter_core.jar:5.6.2]
	at org.apache.jmeter.control.GenericController.next(GenericController.java:170) ~[ApacheJMeter_core.jar:5.6.2]
	at org.apache.jmeter.control.LoopController.next(LoopController.java:119) ~[ApacheJMeter_core.jar:5.6.2]
	at org.apache.jmeter.threads.AbstractThreadGroup.next(AbstractThreadGroup.java:109) ~[ApacheJMeter_core.jar:5.6.2]
	at org.apache.jmeter.threads.JMeterThread.run(JMeterThread.java:266) ~[ApacheJMeter_core.jar:5.6.2]
	at java.lang.Thread.run(Thread.java:1623) [?:?]
Caused by: java.lang.IllegalArgumentException: File ordPet.csv must exist and be readable
	at org.apache.jmeter.services.FileServer.createBufferedReader(FileServer.java:424) ~[ApacheJMeter_core.jar:5.6.2]
	at org.apache.jmeter.services.FileServer.readLine(FileServer.java:340) ~[ApacheJMeter_core.jar:5.6.2]
	at org.apache.jmeter.services.FileServer.readLine(FileServer.java:324) ~[ApacheJMeter_core.jar:5.6.2]
	at org.apache.jmeter.services.FileServer.reserveFile(FileServer.java:272) ~[ApacheJMeter_core.jar:5.6.2]
	... 9 more
2023-08-16 11:31:19,162 INFO o.a.j.t.JMeterThread: Thread finished: Thread Group PetStore 1-4
2023-08-16 11:31:20,166 INFO o.a.j.t.JMeterThread: Thread started: Thread Group PetStore 1-5
2023-08-16 11:31:20,166 ERROR o.a.j.t.JMeterThread: Test failed!
java.lang.IllegalArgumentException: Could not read file header line for file /data/ordPet.csv
	at org.apache.jmeter.services.FileServer.reserveFile(FileServer.java:283) ~[ApacheJMeter_core.jar:5.6.2]
	at org.apache.jmeter.config.CSVDataSet.initVars(CSVDataSet.java:208) ~[ApacheJMeter_components.jar:5.6.2]
	at org.apache.jmeter.config.CSVDataSet.iterationStart(CSVDataSet.java:171) ~[ApacheJMeter_components.jar:5.6.2]
	at org.apache.jmeter.control.GenericController.fireIterationStart(GenericController.java:412) ~[ApacheJMeter_core.jar:5.6.2]
	at org.apache.jmeter.control.GenericController.fireIterEvents(GenericController.java:404) ~[ApacheJMeter_core.jar:5.6.2]
	at org.apache.jmeter.control.GenericController.next(GenericController.java:170) ~[ApacheJMeter_core.jar:5.6.2]
	at org.apache.jmeter.control.LoopController.next(LoopController.java:119) ~[ApacheJMeter_core.jar:5.6.2]
	at org.apache.jmeter.threads.AbstractThreadGroup.next(AbstractThreadGroup.java:109) ~[ApacheJMeter_core.jar:5.6.2]
	at org.apache.jmeter.threads.JMeterThread.run(JMeterThread.java:266) ~[ApacheJMeter_core.jar:5.6.2]
	at java.lang.Thread.run(Thread.java:1623) [?:?]
Caused by: java.lang.IllegalArgumentException: File ordPet.csv must exist and be readable
	at org.apache.jmeter.services.FileServer.createBufferedReader(FileServer.java:424) ~[ApacheJMeter_core.jar:5.6.2]
	at org.apache.jmeter.services.FileServer.readLine(FileServer.java:340) ~[ApacheJMeter_core.jar:5.6.2]
	at org.apache.jmeter.services.FileServer.readLine(FileServer.java:324) ~[ApacheJMeter_core.jar:5.6.2]
	at org.apache.jmeter.services.FileServer.reserveFile(FileServer.java:272) ~[ApacheJMeter_core.jar:5.6.2]
	... 9 more
2023-08-16 11:31:20,166 INFO o.a.j.t.JMeterThread: Thread finished: Thread Group PetStore 1-5
2023-08-16 11:31:20,167 INFO o.a.j.e.StandardJMeterEngine: Notifying test listeners of end of test
2023-08-16 11:31:20,167 INFO o.a.j.g.u.JMeterMenuBar: setRunning(false, *local*)
2023-08-16 11:31:35,128 INFO o.a.j.e.StandardJMeterEngine: Running the test!
2023-08-16 11:31:35,129 INFO o.a.j.s.SampleEvent: List of sample_variables: []
2023-08-16 11:31:35,130 INFO o.a.j.g.u.JMeterMenuBar: setRunning(true, *local*)
2023-08-16 11:31:35,162 INFO o.a.j.e.StandardJMeterEngine: Starting ThreadGroup: 1 : Thread Group PetStore
2023-08-16 11:31:35,162 INFO o.a.j.e.StandardJMeterEngine: Starting 5 threads for group Thread Group PetStore.
2023-08-16 11:31:35,162 INFO o.a.j.e.StandardJMeterEngine: Thread will continue on error
2023-08-16 11:31:35,162 INFO o.a.j.t.ThreadGroup: Starting thread group... number=1 threads=5 ramp-up=5 delayedStart=false
2023-08-16 11:31:35,163 INFO o.a.j.t.JMeterThread: Thread started: Thread Group PetStore 1-1
2023-08-16 11:31:35,163 INFO o.a.j.s.FileServer: Stored: /data/ordPet.csv
2023-08-16 11:31:35,164 ERROR o.a.j.t.JMeterThread: Test failed!
java.lang.IllegalArgumentException: Could not read file header line for file /data/ordPet.csv
	at org.apache.jmeter.services.FileServer.reserveFile(FileServer.java:283) ~[ApacheJMeter_core.jar:5.6.2]
	at org.apache.jmeter.config.CSVDataSet.initVars(CSVDataSet.java:208) ~[ApacheJMeter_components.jar:5.6.2]
	at org.apache.jmeter.config.CSVDataSet.iterationStart(CSVDataSet.java:171) ~[ApacheJMeter_components.jar:5.6.2]
	at org.apache.jmeter.control.GenericController.fireIterationStart(GenericController.java:412) ~[ApacheJMeter_core.jar:5.6.2]
	at org.apache.jmeter.control.GenericController.fireIterEvents(GenericController.java:404) ~[ApacheJMeter_core.jar:5.6.2]
	at org.apache.jmeter.control.GenericController.next(GenericController.java:170) ~[ApacheJMeter_core.jar:5.6.2]
	at org.apache.jmeter.control.LoopController.next(LoopController.java:119) ~[ApacheJMeter_core.jar:5.6.2]
	at org.apache.jmeter.threads.AbstractThreadGroup.next(AbstractThreadGroup.java:109) ~[ApacheJMeter_core.jar:5.6.2]
	at org.apache.jmeter.threads.JMeterThread.run(JMeterThread.java:266) ~[ApacheJMeter_core.jar:5.6.2]
	at java.lang.Thread.run(Thread.java:1623) [?:?]
Caused by: java.lang.IllegalArgumentException: File ordPet.csv must exist and be readable
	at org.apache.jmeter.services.FileServer.createBufferedReader(FileServer.java:424) ~[ApacheJMeter_core.jar:5.6.2]
	at org.apache.jmeter.services.FileServer.readLine(FileServer.java:340) ~[ApacheJMeter_core.jar:5.6.2]
	at org.apache.jmeter.services.FileServer.readLine(FileServer.java:324) ~[ApacheJMeter_core.jar:5.6.2]
	at org.apache.jmeter.services.FileServer.reserveFile(FileServer.java:272) ~[ApacheJMeter_core.jar:5.6.2]
	... 9 more
2023-08-16 11:31:35,164 INFO o.a.j.t.JMeterThread: Thread finished: Thread Group PetStore 1-1
2023-08-16 11:31:35,164 INFO o.a.j.t.ThreadGroup: Started thread group number 1
2023-08-16 11:31:35,165 INFO o.a.j.e.StandardJMeterEngine: All thread groups have been started
2023-08-16 11:31:36,166 INFO o.a.j.t.JMeterThread: Thread started: Thread Group PetStore 1-2
2023-08-16 11:31:36,167 ERROR o.a.j.t.JMeterThread: Test failed!
java.lang.IllegalArgumentException: Could not read file header line for file /data/ordPet.csv
	at org.apache.jmeter.services.FileServer.reserveFile(FileServer.java:283) ~[ApacheJMeter_core.jar:5.6.2]
	at org.apache.jmeter.config.CSVDataSet.initVars(CSVDataSet.java:208) ~[ApacheJMeter_components.jar:5.6.2]
	at org.apache.jmeter.config.CSVDataSet.iterationStart(CSVDataSet.java:171) ~[ApacheJMeter_components.jar:5.6.2]
	at org.apache.jmeter.control.GenericController.fireIterationStart(GenericController.java:412) ~[ApacheJMeter_core.jar:5.6.2]
	at org.apache.jmeter.control.GenericController.fireIterEvents(GenericController.java:404) ~[ApacheJMeter_core.jar:5.6.2]
	at org.apache.jmeter.control.GenericController.next(GenericController.java:170) ~[ApacheJMeter_core.jar:5.6.2]
	at org.apache.jmeter.control.LoopController.next(LoopController.java:119) ~[ApacheJMeter_core.jar:5.6.2]
	at org.apache.jmeter.threads.AbstractThreadGroup.next(AbstractThreadGroup.java:109) ~[ApacheJMeter_core.jar:5.6.2]
	at org.apache.jmeter.threads.JMeterThread.run(JMeterThread.java:266) ~[ApacheJMeter_core.jar:5.6.2]
	at java.lang.Thread.run(Thread.java:1623) [?:?]
Caused by: java.lang.IllegalArgumentException: File ordPet.csv must exist and be readable
	at org.apache.jmeter.services.FileServer.createBufferedReader(FileServer.java:424) ~[ApacheJMeter_core.jar:5.6.2]
	at org.apache.jmeter.services.FileServer.readLine(FileServer.java:340) ~[ApacheJMeter_core.jar:5.6.2]
	at org.apache.jmeter.services.FileServer.readLine(FileServer.java:324) ~[ApacheJMeter_core.jar:5.6.2]
	at org.apache.jmeter.services.FileServer.reserveFile(FileServer.java:272) ~[ApacheJMeter_core.jar:5.6.2]
	... 9 more
2023-08-16 11:31:36,167 INFO o.a.j.t.JMeterThread: Thread finished: Thread Group PetStore 1-2
2023-08-16 11:31:37,168 INFO o.a.j.t.JMeterThread: Thread started: Thread Group PetStore 1-3
2023-08-16 11:31:37,169 ERROR o.a.j.t.JMeterThread: Test failed!
java.lang.IllegalArgumentException: Could not read file header line for file /data/ordPet.csv
	at org.apache.jmeter.services.FileServer.reserveFile(FileServer.java:283) ~[ApacheJMeter_core.jar:5.6.2]
	at org.apache.jmeter.config.CSVDataSet.initVars(CSVDataSet.java:208) ~[ApacheJMeter_components.jar:5.6.2]
	at org.apache.jmeter.config.CSVDataSet.iterationStart(CSVDataSet.java:171) ~[ApacheJMeter_components.jar:5.6.2]
	at org.apache.jmeter.control.GenericController.fireIterationStart(GenericController.java:412) ~[ApacheJMeter_core.jar:5.6.2]
	at org.apache.jmeter.control.GenericController.fireIterEvents(GenericController.java:404) ~[ApacheJMeter_core.jar:5.6.2]
	at org.apache.jmeter.control.GenericController.next(GenericController.java:170) ~[ApacheJMeter_core.jar:5.6.2]
	at org.apache.jmeter.control.LoopController.next(LoopController.java:119) ~[ApacheJMeter_core.jar:5.6.2]
	at org.apache.jmeter.threads.AbstractThreadGroup.next(AbstractThreadGroup.java:109) ~[ApacheJMeter_core.jar:5.6.2]
	at org.apache.jmeter.threads.JMeterThread.run(JMeterThread.java:266) ~[ApacheJMeter_core.jar:5.6.2]
	at java.lang.Thread.run(Thread.java:1623) [?:?]
Caused by: java.lang.IllegalArgumentException: File ordPet.csv must exist and be readable
	at org.apache.jmeter.services.FileServer.createBufferedReader(FileServer.java:424) ~[ApacheJMeter_core.jar:5.6.2]
	at org.apache.jmeter.services.FileServer.readLine(FileServer.java:340) ~[ApacheJMeter_core.jar:5.6.2]
	at org.apache.jmeter.services.FileServer.readLine(FileServer.java:324) ~[ApacheJMeter_core.jar:5.6.2]
	at org.apache.jmeter.services.FileServer.reserveFile(FileServer.java:272) ~[ApacheJMeter_core.jar:5.6.2]
	... 9 more
2023-08-16 11:31:37,169 INFO o.a.j.t.JMeterThread: Thread finished: Thread Group PetStore 1-3
2023-08-16 11:31:38,168 INFO o.a.j.t.JMeterThread: Thread started: Thread Group PetStore 1-4
2023-08-16 11:31:38,170 ERROR o.a.j.t.JMeterThread: Test failed!
java.lang.IllegalArgumentException: Could not read file header line for file /data/ordPet.csv
	at org.apache.jmeter.services.FileServer.reserveFile(FileServer.java:283) ~[ApacheJMeter_core.jar:5.6.2]
	at org.apache.jmeter.config.CSVDataSet.initVars(CSVDataSet.java:208) ~[ApacheJMeter_components.jar:5.6.2]
	at org.apache.jmeter.config.CSVDataSet.iterationStart(CSVDataSet.java:171) ~[ApacheJMeter_components.jar:5.6.2]
	at org.apache.jmeter.control.GenericController.fireIterationStart(GenericController.java:412) ~[ApacheJMeter_core.jar:5.6.2]
	at org.apache.jmeter.control.GenericController.fireIterEvents(GenericController.java:404) ~[ApacheJMeter_core.jar:5.6.2]
	at org.apache.jmeter.control.GenericController.next(GenericController.java:170) ~[ApacheJMeter_core.jar:5.6.2]
	at org.apache.jmeter.control.LoopController.next(LoopController.java:119) ~[ApacheJMeter_core.jar:5.6.2]
	at org.apache.jmeter.threads.AbstractThreadGroup.next(AbstractThreadGroup.java:109) ~[ApacheJMeter_core.jar:5.6.2]
	at org.apache.jmeter.threads.JMeterThread.run(JMeterThread.java:266) ~[ApacheJMeter_core.jar:5.6.2]
	at java.lang.Thread.run(Thread.java:1623) [?:?]
Caused by: java.lang.IllegalArgumentException: File ordPet.csv must exist and be readable
	at org.apache.jmeter.services.FileServer.createBufferedReader(FileServer.java:424) ~[ApacheJMeter_core.jar:5.6.2]
	at org.apache.jmeter.services.FileServer.readLine(FileServer.java:340) ~[ApacheJMeter_core.jar:5.6.2]
	at org.apache.jmeter.services.FileServer.readLine(FileServer.java:324) ~[ApacheJMeter_core.jar:5.6.2]
	at org.apache.jmeter.services.FileServer.reserveFile(FileServer.java:272) ~[ApacheJMeter_core.jar:5.6.2]
	... 9 more
2023-08-16 11:31:38,170 INFO o.a.j.t.JMeterThread: Thread finished: Thread Group PetStore 1-4
2023-08-16 11:31:39,165 INFO o.a.j.t.JMeterThread: Thread started: Thread Group PetStore 1-5
2023-08-16 11:31:39,166 ERROR o.a.j.t.JMeterThread: Test failed!
java.lang.IllegalArgumentException: Could not read file header line for file /data/ordPet.csv
	at org.apache.jmeter.services.FileServer.reserveFile(FileServer.java:283) ~[ApacheJMeter_core.jar:5.6.2]
	at org.apache.jmeter.config.CSVDataSet.initVars(CSVDataSet.java:208) ~[ApacheJMeter_components.jar:5.6.2]
	at org.apache.jmeter.config.CSVDataSet.iterationStart(CSVDataSet.java:171) ~[ApacheJMeter_components.jar:5.6.2]
	at org.apache.jmeter.control.GenericController.fireIterationStart(GenericController.java:412) ~[ApacheJMeter_core.jar:5.6.2]
	at org.apache.jmeter.control.GenericController.fireIterEvents(GenericController.java:404) ~[ApacheJMeter_core.jar:5.6.2]
	at org.apache.jmeter.control.GenericController.next(GenericController.java:170) ~[ApacheJMeter_core.jar:5.6.2]
	at org.apache.jmeter.control.LoopController.next(LoopController.java:119) ~[ApacheJMeter_core.jar:5.6.2]
	at org.apache.jmeter.threads.AbstractThreadGroup.next(AbstractThreadGroup.java:109) ~[ApacheJMeter_core.jar:5.6.2]
	at org.apache.jmeter.threads.JMeterThread.run(JMeterThread.java:266) ~[ApacheJMeter_core.jar:5.6.2]
	at java.lang.Thread.run(Thread.java:1623) [?:?]
Caused by: java.lang.IllegalArgumentException: File ordPet.csv must exist and be readable
	at org.apache.jmeter.services.FileServer.createBufferedReader(FileServer.java:424) ~[ApacheJMeter_core.jar:5.6.2]
	at org.apache.jmeter.services.FileServer.readLine(FileServer.java:340) ~[ApacheJMeter_core.jar:5.6.2]
	at org.apache.jmeter.services.FileServer.readLine(FileServer.java:324) ~[ApacheJMeter_core.jar:5.6.2]
	at org.apache.jmeter.services.FileServer.reserveFile(FileServer.java:272) ~[ApacheJMeter_core.jar:5.6.2]
	... 9 more
2023-08-16 11:31:39,167 INFO o.a.j.t.JMeterThread: Thread finished: Thread Group PetStore 1-5
2023-08-16 11:31:39,168 INFO o.a.j.e.StandardJMeterEngine: Notifying test listeners of end of test
2023-08-16 11:31:39,168 INFO o.a.j.g.u.JMeterMenuBar: setRunning(false, *local*)
2023-08-16 11:32:18,592 INFO o.a.j.e.StandardJMeterEngine: Running the test!
2023-08-16 11:32:18,593 INFO o.a.j.s.SampleEvent: List of sample_variables: []
2023-08-16 11:32:18,594 INFO o.a.j.g.u.JMeterMenuBar: setRunning(true, *local*)
2023-08-16 11:32:18,620 INFO o.a.j.e.StandardJMeterEngine: Starting ThreadGroup: 1 : Thread Group PetStore
2023-08-16 11:32:18,621 INFO o.a.j.e.StandardJMeterEngine: Starting 5 threads for group Thread Group PetStore.
2023-08-16 11:32:18,621 INFO o.a.j.e.StandardJMeterEngine: Thread will continue on error
2023-08-16 11:32:18,621 INFO o.a.j.t.ThreadGroup: Starting thread group... number=1 threads=5 ramp-up=5 delayedStart=false
2023-08-16 11:32:18,622 INFO o.a.j.t.JMeterThread: Thread started: Thread Group PetStore 1-1
2023-08-16 11:32:18,622 INFO o.a.j.s.FileServer: Stored: /Users/rosmarydiaz/apache-jmeter-5.6.2/bin/data/ordPet.csv
2023-08-16 11:32:18,622 INFO o.a.j.t.ThreadGroup: Started thread group number 1
2023-08-16 11:32:18,623 INFO o.a.j.e.StandardJMeterEngine: All thread groups have been started
2023-08-16 11:32:18,643 INFO o.a.j.p.h.s.HTTPHCAbstractImpl: Local host = MacBook-Air-de-Rosmary.local
2023-08-16 11:32:18,647 INFO o.a.j.p.h.s.HTTPHC4Impl: HTTP request retry count = 0
2023-08-16 11:32:18,753 INFO o.a.j.p.h.s.h.LazyLayeredConnectionSocketFactory: Setting up HTTPS TrustAll Socket Factory
2023-08-16 11:32:18,755 INFO o.a.j.u.JsseSSLManager: Using default SSL protocol: TLS
2023-08-16 11:32:18,756 INFO o.a.j.u.JsseSSLManager: SSL session context: per-thread
2023-08-16 11:32:18,967 INFO o.a.j.u.SSLManager: JmeterKeyStore Location:  type JKS
2023-08-16 11:32:18,969 INFO o.a.j.u.SSLManager: KeyStore created OK
2023-08-16 11:32:18,969 WARN o.a.j.u.SSLManager: Keystore file not found, loading empty keystore
2023-08-16 11:32:19,627 INFO o.a.j.t.JMeterThread: Thread started: Thread Group PetStore 1-2
2023-08-16 11:32:19,806 ERROR o.a.j.e.j.j.JSONPostProcessor: Error processing JSON content in JSON Extractor, message: json can not be null or empty
2023-08-16 11:32:20,082 ERROR o.a.j.e.j.j.JSONPostProcessor: Error processing JSON content in JSON Extractor, message: json can not be null or empty
2023-08-16 11:32:20,354 ERROR o.a.j.e.j.j.JSONPostProcessor: Error processing JSON content in JSON Extractor, message: json can not be null or empty
2023-08-16 11:32:20,409 ERROR o.a.j.e.j.j.JSONPostProcessor: Error processing JSON content in JSON Extractor, message: json can not be null or empty
2023-08-16 11:32:20,622 ERROR o.a.j.e.j.j.JSONPostProcessor: Error processing JSON content in JSON Extractor, message: json can not be null or empty
2023-08-16 11:32:20,623 INFO o.a.j.t.JMeterThread: Thread started: Thread Group PetStore 1-3
2023-08-16 11:32:20,676 ERROR o.a.j.e.j.j.JSONPostProcessor: Error processing JSON content in JSON Extractor, message: json can not be null or empty
2023-08-16 11:32:20,892 ERROR o.a.j.e.j.j.JSONPostProcessor: Error processing JSON content in JSON Extractor, message: json can not be null or empty
2023-08-16 11:32:20,946 ERROR o.a.j.e.j.j.JSONPostProcessor: Error processing JSON content in JSON Extractor, message: json can not be null or empty
2023-08-16 11:32:21,023 INFO o.a.j.t.JMeterThread: Thread is done: Thread Group PetStore 1-1
2023-08-16 11:32:21,023 INFO o.a.j.t.JMeterThread: Thread finished: Thread Group PetStore 1-1
2023-08-16 11:32:21,217 ERROR o.a.j.e.j.j.JSONPostProcessor: Error processing JSON content in JSON Extractor, message: json can not be null or empty
2023-08-16 11:32:21,433 ERROR o.a.j.e.j.j.JSONPostProcessor: Error processing JSON content in JSON Extractor, message: json can not be null or empty
2023-08-16 11:32:21,487 ERROR o.a.j.e.j.j.JSONPostProcessor: Error processing JSON content in JSON Extractor, message: json can not be null or empty
2023-08-16 11:32:21,623 INFO o.a.j.t.JMeterThread: Thread is done: Thread Group PetStore 1-2
2023-08-16 11:32:21,623 INFO o.a.j.t.JMeterThread: Thread finished: Thread Group PetStore 1-2
2023-08-16 11:32:21,626 INFO o.a.j.t.JMeterThread: Thread started: Thread Group PetStore 1-4
2023-08-16 11:32:21,707 ERROR o.a.j.e.j.j.JSONPostProcessor: Error processing JSON content in JSON Extractor, message: json can not be null or empty
2023-08-16 11:32:21,976 ERROR o.a.j.e.j.j.JSONPostProcessor: Error processing JSON content in JSON Extractor, message: json can not be null or empty
2023-08-16 11:32:22,248 ERROR o.a.j.e.j.j.JSONPostProcessor: Error processing JSON content in JSON Extractor, message: json can not be null or empty
2023-08-16 11:32:22,416 ERROR o.a.j.e.j.j.JSONPostProcessor: Error processing JSON content in JSON Extractor, message: json can not be null or empty
2023-08-16 11:32:22,516 ERROR o.a.j.e.j.j.JSONPostProcessor: Error processing JSON content in JSON Extractor, message: json can not be null or empty
2023-08-16 11:32:22,627 INFO o.a.j.t.JMeterThread: Thread started: Thread Group PetStore 1-5
2023-08-16 11:32:22,651 INFO o.a.j.t.JMeterThread: Thread is done: Thread Group PetStore 1-3
2023-08-16 11:32:22,652 INFO o.a.j.t.JMeterThread: Thread finished: Thread Group PetStore 1-3
2023-08-16 11:32:22,683 ERROR o.a.j.e.j.j.JSONPostProcessor: Error processing JSON content in JSON Extractor, message: json can not be null or empty
2023-08-16 11:32:22,952 ERROR o.a.j.e.j.j.JSONPostProcessor: Error processing JSON content in JSON Extractor, message: json can not be null or empty
2023-08-16 11:32:23,222 ERROR o.a.j.e.j.j.JSONPostProcessor: Error processing JSON content in JSON Extractor, message: json can not be null or empty
2023-08-16 11:32:23,432 ERROR o.a.j.e.j.j.JSONPostProcessor: Error processing JSON content in JSON Extractor, message: json can not be null or empty
2023-08-16 11:32:23,488 ERROR o.a.j.e.j.j.JSONPostProcessor: Error processing JSON content in JSON Extractor, message: json can not be null or empty
2023-08-16 11:32:23,620 INFO o.a.j.t.JMeterThread: Thread is done: Thread Group PetStore 1-4
2023-08-16 11:32:23,620 INFO o.a.j.t.JMeterThread: Thread finished: Thread Group PetStore 1-4
2023-08-16 11:32:23,697 ERROR o.a.j.e.j.j.JSONPostProcessor: Error processing JSON content in JSON Extractor, message: json can not be null or empty
2023-08-16 11:32:23,964 ERROR o.a.j.e.j.j.JSONPostProcessor: Error processing JSON content in JSON Extractor, message: json can not be null or empty
2023-08-16 11:32:24,232 ERROR o.a.j.e.j.j.JSONPostProcessor: Error processing JSON content in JSON Extractor, message: json can not be null or empty
2023-08-16 11:32:24,498 ERROR o.a.j.e.j.j.JSONPostProcessor: Error processing JSON content in JSON Extractor, message: json can not be null or empty
2023-08-16 11:32:24,631 INFO o.a.j.t.JMeterThread: Thread is done: Thread Group PetStore 1-5
2023-08-16 11:32:24,631 INFO o.a.j.t.JMeterThread: Thread finished: Thread Group PetStore 1-5
2023-08-16 11:32:24,631 INFO o.a.j.e.StandardJMeterEngine: Notifying test listeners of end of test
2023-08-16 11:32:24,631 INFO o.a.j.s.FileServer: Close: /Users/rosmarydiaz/apache-jmeter-5.6.2/bin/data/ordPet.csv
2023-08-16 11:32:24,631 INFO o.a.j.g.u.JMeterMenuBar: setRunning(false, *local*)
2023-08-16 11:34:47,263 INFO o.a.j.e.StandardJMeterEngine: Running the test!
2023-08-16 11:34:47,266 INFO o.a.j.s.SampleEvent: List of sample_variables: []
2023-08-16 11:34:47,267 INFO o.a.j.g.u.JMeterMenuBar: setRunning(true, *local*)
2023-08-16 11:34:47,305 INFO o.a.j.e.StandardJMeterEngine: Starting ThreadGroup: 1 : Thread Group PetStore
2023-08-16 11:34:47,305 INFO o.a.j.e.StandardJMeterEngine: Starting 5 threads for group Thread Group PetStore.
2023-08-16 11:34:47,305 INFO o.a.j.e.StandardJMeterEngine: Thread will continue on error
2023-08-16 11:34:47,305 INFO o.a.j.t.ThreadGroup: Starting thread group... number=1 threads=5 ramp-up=5 delayedStart=false
2023-08-16 11:34:47,306 INFO o.a.j.t.JMeterThread: Thread started: Thread Group PetStore 1-1
2023-08-16 11:34:47,307 INFO o.a.j.s.FileServer: Stored: /Users/rosmarydiaz/apache-jmeter-5.6.2/bin/data/ordPet.csv
2023-08-16 11:34:47,308 INFO o.a.j.t.ThreadGroup: Started thread group number 1
2023-08-16 11:34:47,308 INFO o.a.j.e.StandardJMeterEngine: All thread groups have been started
2023-08-16 11:34:48,218 ERROR o.a.j.e.j.j.JSONPostProcessor: Error processing JSON content in JSON Extractor, message: json can not be null or empty
2023-08-16 11:34:48,311 INFO o.a.j.t.JMeterThread: Thread started: Thread Group PetStore 1-2
2023-08-16 11:34:48,492 ERROR o.a.j.e.j.j.JSONPostProcessor: Error processing JSON content in JSON Extractor, message: json can not be null or empty
2023-08-16 11:34:48,762 ERROR o.a.j.e.j.j.JSONPostProcessor: Error processing JSON content in JSON Extractor, message: json can not be null or empty
2023-08-16 11:34:49,063 ERROR o.a.j.e.j.j.JSONPostProcessor: Error processing JSON content in JSON Extractor, message: json can not be null or empty
2023-08-16 11:34:49,105 ERROR o.a.j.e.j.j.JSONPostProcessor: Error processing JSON content in JSON Extractor, message: json can not be null or empty
2023-08-16 11:34:49,310 INFO o.a.j.t.JMeterThread: Thread started: Thread Group PetStore 1-3
2023-08-16 11:34:49,334 ERROR o.a.j.e.j.j.JSONPostProcessor: Error processing JSON content in JSON Extractor, message: json can not be null or empty
2023-08-16 11:34:49,374 ERROR o.a.j.e.j.j.JSONPostProcessor: Error processing JSON content in JSON Extractor, message: json can not be null or empty
2023-08-16 11:34:49,470 INFO o.a.j.t.JMeterThread: Thread is done: Thread Group PetStore 1-1
2023-08-16 11:34:49,470 INFO o.a.j.t.JMeterThread: Thread finished: Thread Group PetStore 1-1
2023-08-16 11:34:49,641 ERROR o.a.j.e.j.j.JSONPostProcessor: Error processing JSON content in JSON Extractor, message: json can not be null or empty
2023-08-16 11:34:49,912 ERROR o.a.j.e.j.j.JSONPostProcessor: Error processing JSON content in JSON Extractor, message: json can not be null or empty
2023-08-16 11:34:50,104 ERROR o.a.j.e.j.j.JSONPostProcessor: Error processing JSON content in JSON Extractor, message: json can not be null or empty
2023-08-16 11:34:50,182 ERROR o.a.j.e.j.j.JSONPostProcessor: Error processing JSON content in JSON Extractor, message: json can not be null or empty
2023-08-16 11:34:50,312 INFO o.a.j.t.JMeterThread: Thread started: Thread Group PetStore 1-4
2023-08-16 11:34:50,317 INFO o.a.j.t.JMeterThread: Thread is done: Thread Group PetStore 1-2
2023-08-16 11:34:50,317 INFO o.a.j.t.JMeterThread: Thread finished: Thread Group PetStore 1-2
2023-08-16 11:34:50,375 ERROR o.a.j.e.j.j.JSONPostProcessor: Error processing JSON content in JSON Extractor, message: json can not be null or empty
2023-08-16 11:34:50,643 ERROR o.a.j.e.j.j.JSONPostProcessor: Error processing JSON content in JSON Extractor, message: json can not be null or empty
2023-08-16 11:34:50,918 ERROR o.a.j.e.j.j.JSONPostProcessor: Error processing JSON content in JSON Extractor, message: json can not be null or empty
2023-08-16 11:34:51,078 ERROR o.a.j.e.j.j.JSONPostProcessor: Error processing JSON content in JSON Extractor, message: json can not be null or empty
2023-08-16 11:34:51,186 ERROR o.a.j.e.j.j.JSONPostProcessor: Error processing JSON content in JSON Extractor, message: json can not be null or empty
2023-08-16 11:34:51,310 INFO o.a.j.t.JMeterThread: Thread started: Thread Group PetStore 1-5
2023-08-16 11:34:51,319 INFO o.a.j.t.JMeterThread: Thread is done: Thread Group PetStore 1-3
2023-08-16 11:34:51,319 INFO o.a.j.t.JMeterThread: Thread finished: Thread Group PetStore 1-3
2023-08-16 11:34:51,334 ERROR o.a.j.e.j.j.JSONPostProcessor: Error processing JSON content in JSON Extractor, message: json can not be null or empty
2023-08-16 11:34:51,590 ERROR o.a.j.e.j.j.JSONPostProcessor: Error processing JSON content in JSON Extractor, message: json can not be null or empty
2023-08-16 11:34:51,845 ERROR o.a.j.e.j.j.JSONPostProcessor: Error processing JSON content in JSON Extractor, message: json can not be null or empty
2023-08-16 11:34:52,129 ERROR o.a.j.e.j.j.JSONPostProcessor: Error processing JSON content in JSON Extractor, message: json can not be null or empty
2023-08-16 11:34:52,129 ERROR o.a.j.e.j.j.JSONPostProcessor: Error processing JSON content in JSON Extractor, message: json can not be null or empty
2023-08-16 11:34:52,258 INFO o.a.j.t.JMeterThread: Thread is done: Thread Group PetStore 1-4
2023-08-16 11:34:52,258 INFO o.a.j.t.JMeterThread: Thread finished: Thread Group PetStore 1-4
2023-08-16 11:34:52,397 ERROR o.a.j.e.j.j.JSONPostProcessor: Error processing JSON content in JSON Extractor, message: json can not be null or empty
2023-08-16 11:34:52,808 ERROR o.a.j.e.j.j.JSONPostProcessor: Error processing JSON content in JSON Extractor, message: json can not be null or empty
2023-08-16 11:34:53,215 ERROR o.a.j.e.j.j.JSONPostProcessor: Error processing JSON content in JSON Extractor, message: json can not be null or empty
2023-08-16 11:34:53,623 ERROR o.a.j.e.j.j.JSONPostProcessor: Error processing JSON content in JSON Extractor, message: json can not be null or empty
2023-08-16 11:34:53,831 INFO o.a.j.t.JMeterThread: Thread is done: Thread Group PetStore 1-5
2023-08-16 11:34:53,831 INFO o.a.j.t.JMeterThread: Thread finished: Thread Group PetStore 1-5
2023-08-16 11:34:53,832 INFO o.a.j.e.StandardJMeterEngine: Notifying test listeners of end of test
2023-08-16 11:34:53,832 INFO o.a.j.s.FileServer: Close: /Users/rosmarydiaz/apache-jmeter-5.6.2/bin/data/ordPet.csv
2023-08-16 11:34:53,832 INFO o.a.j.g.u.JMeterMenuBar: setRunning(false, *local*)
2023-08-16 11:39:01,056 INFO o.a.j.e.StandardJMeterEngine: Running the test!
2023-08-16 11:39:01,059 INFO o.a.j.s.SampleEvent: List of sample_variables: []
2023-08-16 11:39:01,060 INFO o.a.j.g.u.JMeterMenuBar: setRunning(true, *local*)
2023-08-16 11:39:01,095 INFO o.a.j.e.StandardJMeterEngine: Starting ThreadGroup: 1 : Thread Group PetStore
2023-08-16 11:39:01,095 INFO o.a.j.e.StandardJMeterEngine: Starting 5 threads for group Thread Group PetStore.
2023-08-16 11:39:01,095 INFO o.a.j.e.StandardJMeterEngine: Thread will continue on error
2023-08-16 11:39:01,096 INFO o.a.j.t.ThreadGroup: Starting thread group... number=1 threads=5 ramp-up=5 delayedStart=false
2023-08-16 11:39:01,096 INFO o.a.j.t.JMeterThread: Thread started: Thread Group PetStore 1-1
2023-08-16 11:39:01,097 INFO o.a.j.s.FileServer: Stored: /Users/rosmarydiaz/apache-jmeter-5.6.2/bin/data/ordPet.csv
2023-08-16 11:39:01,097 INFO o.a.j.t.ThreadGroup: Started thread group number 1
2023-08-16 11:39:01,097 INFO o.a.j.e.StandardJMeterEngine: All thread groups have been started
2023-08-16 11:39:01,962 ERROR o.a.j.e.j.j.JSONPostProcessor: Error processing JSON content in JSON Extractor, message: json can not be null or empty
2023-08-16 11:39:02,097 INFO o.a.j.t.JMeterThread: Thread started: Thread Group PetStore 1-2
2023-08-16 11:39:02,230 ERROR o.a.j.e.j.j.JSONPostProcessor: Error processing JSON content in JSON Extractor, message: json can not be null or empty
2023-08-16 11:39:02,494 ERROR o.a.j.e.j.j.JSONPostProcessor: Error processing JSON content in JSON Extractor, message: json can not be null or empty
2023-08-16 11:39:02,760 ERROR o.a.j.e.j.j.JSONPostProcessor: Error processing JSON content in JSON Extractor, message: json can not be null or empty
2023-08-16 11:39:02,914 ERROR o.a.j.e.j.j.JSONPostProcessor: Error processing JSON content in JSON Extractor, message: json can not be null or empty
2023-08-16 11:39:03,051 ERROR o.a.j.e.j.j.JSONPostProcessor: Error processing JSON content in JSON Extractor, message: json can not be null or empty
2023-08-16 11:39:03,102 INFO o.a.j.t.JMeterThread: Thread started: Thread Group PetStore 1-3
2023-08-16 11:39:03,185 INFO o.a.j.t.JMeterThread: Thread is done: Thread Group PetStore 1-1
2023-08-16 11:39:03,186 INFO o.a.j.t.JMeterThread: Thread finished: Thread Group PetStore 1-1
2023-08-16 11:39:03,186 ERROR o.a.j.e.j.j.JSONPostProcessor: Error processing JSON content in JSON Extractor, message: json can not be null or empty
2023-08-16 11:39:03,492 ERROR o.a.j.e.j.j.JSONPostProcessor: Error processing JSON content in JSON Extractor, message: json can not be null or empty
2023-08-16 11:39:03,762 ERROR o.a.j.e.j.j.JSONPostProcessor: Error processing JSON content in JSON Extractor, message: json can not be null or empty
2023-08-16 11:39:03,923 ERROR o.a.j.e.j.j.JSONPostProcessor: Error processing JSON content in JSON Extractor, message: json can not be null or empty
2023-08-16 11:39:04,031 ERROR o.a.j.e.j.j.JSONPostProcessor: Error processing JSON content in JSON Extractor, message: json can not be null or empty
2023-08-16 11:39:04,100 INFO o.a.j.t.JMeterThread: Thread started: Thread Group PetStore 1-4
2023-08-16 11:39:04,165 INFO o.a.j.t.JMeterThread: Thread is done: Thread Group PetStore 1-2
2023-08-16 11:39:04,166 INFO o.a.j.t.JMeterThread: Thread finished: Thread Group PetStore 1-2
2023-08-16 11:39:04,211 ERROR o.a.j.e.j.j.JSONPostProcessor: Error processing JSON content in JSON Extractor, message: json can not be null or empty
2023-08-16 11:39:04,488 ERROR o.a.j.e.j.j.JSONPostProcessor: Error processing JSON content in JSON Extractor, message: json can not be null or empty
2023-08-16 11:39:04,875 ERROR o.a.j.e.j.j.JSONPostProcessor: Error processing JSON content in JSON Extractor, message: json can not be null or empty
2023-08-16 11:39:04,997 ERROR o.a.j.e.j.j.JSONPostProcessor: Error processing JSON content in JSON Extractor, message: json can not be null or empty
2023-08-16 11:39:05,101 INFO o.a.j.t.JMeterThread: Thread started: Thread Group PetStore 1-5
2023-08-16 11:39:05,144 ERROR o.a.j.e.j.j.JSONPostProcessor: Error processing JSON content in JSON Extractor, message: json can not be null or empty
2023-08-16 11:39:05,264 ERROR o.a.j.e.j.j.JSONPostProcessor: Error processing JSON content in JSON Extractor, message: json can not be null or empty
2023-08-16 11:39:05,276 INFO o.a.j.t.JMeterThread: Thread is done: Thread Group PetStore 1-3
2023-08-16 11:39:05,277 INFO o.a.j.t.JMeterThread: Thread finished: Thread Group PetStore 1-3
2023-08-16 11:39:05,531 ERROR o.a.j.e.j.j.JSONPostProcessor: Error processing JSON content in JSON Extractor, message: json can not be null or empty
2023-08-16 11:39:05,799 ERROR o.a.j.e.j.j.JSONPostProcessor: Error processing JSON content in JSON Extractor, message: json can not be null or empty
2023-08-16 11:39:05,898 ERROR o.a.j.e.j.j.JSONPostProcessor: Error processing JSON content in JSON Extractor, message: json can not be null or empty
2023-08-16 11:39:06,068 ERROR o.a.j.e.j.j.JSONPostProcessor: Error processing JSON content in JSON Extractor, message: json can not be null or empty
2023-08-16 11:39:06,171 ERROR o.a.j.e.j.j.JSONPostProcessor: Error processing JSON content in JSON Extractor, message: json can not be null or empty
2023-08-16 11:39:06,201 INFO o.a.j.t.JMeterThread: Thread is done: Thread Group PetStore 1-4
2023-08-16 11:39:06,201 INFO o.a.j.t.JMeterThread: Thread finished: Thread Group PetStore 1-4
2023-08-16 11:39:06,440 ERROR o.a.j.e.j.j.JSONPostProcessor: Error processing JSON content in JSON Extractor, message: json can not be null or empty
2023-08-16 11:39:06,710 ERROR o.a.j.e.j.j.JSONPostProcessor: Error processing JSON content in JSON Extractor, message: json can not be null or empty
2023-08-16 11:39:07,070 ERROR o.a.j.e.j.j.JSONPostProcessor: Error processing JSON content in JSON Extractor, message: json can not be null or empty
2023-08-16 11:39:07,272 INFO o.a.j.t.JMeterThread: Thread is done: Thread Group PetStore 1-5
2023-08-16 11:39:07,272 INFO o.a.j.t.JMeterThread: Thread finished: Thread Group PetStore 1-5
2023-08-16 11:39:07,272 INFO o.a.j.e.StandardJMeterEngine: Notifying test listeners of end of test
2023-08-16 11:39:07,272 INFO o.a.j.s.FileServer: Close: /Users/rosmarydiaz/apache-jmeter-5.6.2/bin/data/ordPet.csv
2023-08-16 11:39:07,272 INFO o.a.j.g.u.JMeterMenuBar: setRunning(false, *local*)
2023-08-16 11:43:57,151 INFO o.a.j.e.StandardJMeterEngine: Running the test!
2023-08-16 11:43:57,153 INFO o.a.j.s.SampleEvent: List of sample_variables: []
2023-08-16 11:43:57,154 INFO o.a.j.g.u.JMeterMenuBar: setRunning(true, *local*)
2023-08-16 11:43:57,191 INFO o.a.j.e.StandardJMeterEngine: Starting ThreadGroup: 1 : Thread Group PetStore
2023-08-16 11:43:57,191 INFO o.a.j.e.StandardJMeterEngine: Starting 5 threads for group Thread Group PetStore.
2023-08-16 11:43:57,191 INFO o.a.j.e.StandardJMeterEngine: Thread will continue on error
2023-08-16 11:43:57,191 INFO o.a.j.t.ThreadGroup: Starting thread group... number=1 threads=5 ramp-up=5 delayedStart=false
2023-08-16 11:43:57,192 INFO o.a.j.t.JMeterThread: Thread started: Thread Group PetStore 1-1
2023-08-16 11:43:57,192 INFO o.a.j.s.FileServer: Stored: \data\ordPet.csv
2023-08-16 11:43:57,193 INFO o.a.j.t.ThreadGroup: Started thread group number 1
2023-08-16 11:43:57,193 INFO o.a.j.e.StandardJMeterEngine: All thread groups have been started
2023-08-16 11:43:57,192 ERROR o.a.j.t.JMeterThread: Test failed!
java.lang.IllegalArgumentException: Could not read file header line for file \data\ordPet.csv
	at org.apache.jmeter.services.FileServer.reserveFile(FileServer.java:283) ~[ApacheJMeter_core.jar:5.6.2]
	at org.apache.jmeter.config.CSVDataSet.initVars(CSVDataSet.java:208) ~[ApacheJMeter_components.jar:5.6.2]
	at org.apache.jmeter.config.CSVDataSet.iterationStart(CSVDataSet.java:171) ~[ApacheJMeter_components.jar:5.6.2]
	at org.apache.jmeter.control.GenericController.fireIterationStart(GenericController.java:412) ~[ApacheJMeter_core.jar:5.6.2]
	at org.apache.jmeter.control.GenericController.fireIterEvents(GenericController.java:404) ~[ApacheJMeter_core.jar:5.6.2]
	at org.apache.jmeter.control.GenericController.next(GenericController.java:170) ~[ApacheJMeter_core.jar:5.6.2]
	at org.apache.jmeter.control.LoopController.next(LoopController.java:119) ~[ApacheJMeter_core.jar:5.6.2]
	at org.apache.jmeter.threads.AbstractThreadGroup.next(AbstractThreadGroup.java:109) ~[ApacheJMeter_core.jar:5.6.2]
	at org.apache.jmeter.threads.JMeterThread.run(JMeterThread.java:266) ~[ApacheJMeter_core.jar:5.6.2]
	at java.lang.Thread.run(Thread.java:1623) [?:?]
Caused by: java.lang.IllegalArgumentException: File \data\ordPet.csv must exist and be readable
	at org.apache.jmeter.services.FileServer.createBufferedReader(FileServer.java:424) ~[ApacheJMeter_core.jar:5.6.2]
	at org.apache.jmeter.services.FileServer.readLine(FileServer.java:340) ~[ApacheJMeter_core.jar:5.6.2]
	at org.apache.jmeter.services.FileServer.readLine(FileServer.java:324) ~[ApacheJMeter_core.jar:5.6.2]
	at org.apache.jmeter.services.FileServer.reserveFile(FileServer.java:272) ~[ApacheJMeter_core.jar:5.6.2]
	... 9 more
2023-08-16 11:43:57,193 INFO o.a.j.t.JMeterThread: Thread finished: Thread Group PetStore 1-1
2023-08-16 11:43:58,195 INFO o.a.j.t.JMeterThread: Thread started: Thread Group PetStore 1-2
2023-08-16 11:43:58,196 ERROR o.a.j.t.JMeterThread: Test failed!
java.lang.IllegalArgumentException: Could not read file header line for file \data\ordPet.csv
	at org.apache.jmeter.services.FileServer.reserveFile(FileServer.java:283) ~[ApacheJMeter_core.jar:5.6.2]
	at org.apache.jmeter.config.CSVDataSet.initVars(CSVDataSet.java:208) ~[ApacheJMeter_components.jar:5.6.2]
	at org.apache.jmeter.config.CSVDataSet.iterationStart(CSVDataSet.java:171) ~[ApacheJMeter_components.jar:5.6.2]
	at org.apache.jmeter.control.GenericController.fireIterationStart(GenericController.java:412) ~[ApacheJMeter_core.jar:5.6.2]
	at org.apache.jmeter.control.GenericController.fireIterEvents(GenericController.java:404) ~[ApacheJMeter_core.jar:5.6.2]
	at org.apache.jmeter.control.GenericController.next(GenericController.java:170) ~[ApacheJMeter_core.jar:5.6.2]
	at org.apache.jmeter.control.LoopController.next(LoopController.java:119) ~[ApacheJMeter_core.jar:5.6.2]
	at org.apache.jmeter.threads.AbstractThreadGroup.next(AbstractThreadGroup.java:109) ~[ApacheJMeter_core.jar:5.6.2]
	at org.apache.jmeter.threads.JMeterThread.run(JMeterThread.java:266) ~[ApacheJMeter_core.jar:5.6.2]
	at java.lang.Thread.run(Thread.java:1623) [?:?]
Caused by: java.lang.IllegalArgumentException: File \data\ordPet.csv must exist and be readable
	at org.apache.jmeter.services.FileServer.createBufferedReader(FileServer.java:424) ~[ApacheJMeter_core.jar:5.6.2]
	at org.apache.jmeter.services.FileServer.readLine(FileServer.java:340) ~[ApacheJMeter_core.jar:5.6.2]
	at org.apache.jmeter.services.FileServer.readLine(FileServer.java:324) ~[ApacheJMeter_core.jar:5.6.2]
	at org.apache.jmeter.services.FileServer.reserveFile(FileServer.java:272) ~[ApacheJMeter_core.jar:5.6.2]
	... 9 more
2023-08-16 11:43:58,196 INFO o.a.j.t.JMeterThread: Thread finished: Thread Group PetStore 1-2
2023-08-16 11:43:59,196 INFO o.a.j.t.JMeterThread: Thread started: Thread Group PetStore 1-3
2023-08-16 11:43:59,197 ERROR o.a.j.t.JMeterThread: Test failed!
java.lang.IllegalArgumentException: Could not read file header line for file \data\ordPet.csv
	at org.apache.jmeter.services.FileServer.reserveFile(FileServer.java:283) ~[ApacheJMeter_core.jar:5.6.2]
	at org.apache.jmeter.config.CSVDataSet.initVars(CSVDataSet.java:208) ~[ApacheJMeter_components.jar:5.6.2]
	at org.apache.jmeter.config.CSVDataSet.iterationStart(CSVDataSet.java:171) ~[ApacheJMeter_components.jar:5.6.2]
	at org.apache.jmeter.control.GenericController.fireIterationStart(GenericController.java:412) ~[ApacheJMeter_core.jar:5.6.2]
	at org.apache.jmeter.control.GenericController.fireIterEvents(GenericController.java:404) ~[ApacheJMeter_core.jar:5.6.2]
	at org.apache.jmeter.control.GenericController.next(GenericController.java:170) ~[ApacheJMeter_core.jar:5.6.2]
	at org.apache.jmeter.control.LoopController.next(LoopController.java:119) ~[ApacheJMeter_core.jar:5.6.2]
	at org.apache.jmeter.threads.AbstractThreadGroup.next(AbstractThreadGroup.java:109) ~[ApacheJMeter_core.jar:5.6.2]
	at org.apache.jmeter.threads.JMeterThread.run(JMeterThread.java:266) ~[ApacheJMeter_core.jar:5.6.2]
	at java.lang.Thread.run(Thread.java:1623) [?:?]
Caused by: java.lang.IllegalArgumentException: File \data\ordPet.csv must exist and be readable
	at org.apache.jmeter.services.FileServer.createBufferedReader(FileServer.java:424) ~[ApacheJMeter_core.jar:5.6.2]
	at org.apache.jmeter.services.FileServer.readLine(FileServer.java:340) ~[ApacheJMeter_core.jar:5.6.2]
	at org.apache.jmeter.services.FileServer.readLine(FileServer.java:324) ~[ApacheJMeter_core.jar:5.6.2]
	at org.apache.jmeter.services.FileServer.reserveFile(FileServer.java:272) ~[ApacheJMeter_core.jar:5.6.2]
	... 9 more
2023-08-16 11:43:59,198 INFO o.a.j.t.JMeterThread: Thread finished: Thread Group PetStore 1-3
2023-08-16 11:44:00,196 INFO o.a.j.t.JMeterThread: Thread started: Thread Group PetStore 1-4
2023-08-16 11:44:00,197 ERROR o.a.j.t.JMeterThread: Test failed!
java.lang.IllegalArgumentException: Could not read file header line for file \data\ordPet.csv
	at org.apache.jmeter.services.FileServer.reserveFile(FileServer.java:283) ~[ApacheJMeter_core.jar:5.6.2]
	at org.apache.jmeter.config.CSVDataSet.initVars(CSVDataSet.java:208) ~[ApacheJMeter_components.jar:5.6.2]
	at org.apache.jmeter.config.CSVDataSet.iterationStart(CSVDataSet.java:171) ~[ApacheJMeter_components.jar:5.6.2]
	at org.apache.jmeter.control.GenericController.fireIterationStart(GenericController.java:412) ~[ApacheJMeter_core.jar:5.6.2]
	at org.apache.jmeter.control.GenericController.fireIterEvents(GenericController.java:404) ~[ApacheJMeter_core.jar:5.6.2]
	at org.apache.jmeter.control.GenericController.next(GenericController.java:170) ~[ApacheJMeter_core.jar:5.6.2]
	at org.apache.jmeter.control.LoopController.next(LoopController.java:119) ~[ApacheJMeter_core.jar:5.6.2]
	at org.apache.jmeter.threads.AbstractThreadGroup.next(AbstractThreadGroup.java:109) ~[ApacheJMeter_core.jar:5.6.2]
	at org.apache.jmeter.threads.JMeterThread.run(JMeterThread.java:266) ~[ApacheJMeter_core.jar:5.6.2]
	at java.lang.Thread.run(Thread.java:1623) [?:?]
Caused by: java.lang.IllegalArgumentException: File \data\ordPet.csv must exist and be readable
	at org.apache.jmeter.services.FileServer.createBufferedReader(FileServer.java:424) ~[ApacheJMeter_core.jar:5.6.2]
	at org.apache.jmeter.services.FileServer.readLine(FileServer.java:340) ~[ApacheJMeter_core.jar:5.6.2]
	at org.apache.jmeter.services.FileServer.readLine(FileServer.java:324) ~[ApacheJMeter_core.jar:5.6.2]
	at org.apache.jmeter.services.FileServer.reserveFile(FileServer.java:272) ~[ApacheJMeter_core.jar:5.6.2]
	... 9 more
2023-08-16 11:44:00,198 INFO o.a.j.t.JMeterThread: Thread finished: Thread Group PetStore 1-4
2023-08-16 11:44:01,197 INFO o.a.j.t.JMeterThread: Thread started: Thread Group PetStore 1-5
2023-08-16 11:44:01,198 ERROR o.a.j.t.JMeterThread: Test failed!
java.lang.IllegalArgumentException: Could not read file header line for file \data\ordPet.csv
	at org.apache.jmeter.services.FileServer.reserveFile(FileServer.java:283) ~[ApacheJMeter_core.jar:5.6.2]
	at org.apache.jmeter.config.CSVDataSet.initVars(CSVDataSet.java:208) ~[ApacheJMeter_components.jar:5.6.2]
	at org.apache.jmeter.config.CSVDataSet.iterationStart(CSVDataSet.java:171) ~[ApacheJMeter_components.jar:5.6.2]
	at org.apache.jmeter.control.GenericController.fireIterationStart(GenericController.java:412) ~[ApacheJMeter_core.jar:5.6.2]
	at org.apache.jmeter.control.GenericController.fireIterEvents(GenericController.java:404) ~[ApacheJMeter_core.jar:5.6.2]
	at org.apache.jmeter.control.GenericController.next(GenericController.java:170) ~[ApacheJMeter_core.jar:5.6.2]
	at org.apache.jmeter.control.LoopController.next(LoopController.java:119) ~[ApacheJMeter_core.jar:5.6.2]
	at org.apache.jmeter.threads.AbstractThreadGroup.next(AbstractThreadGroup.java:109) ~[ApacheJMeter_core.jar:5.6.2]
	at org.apache.jmeter.threads.JMeterThread.run(JMeterThread.java:266) ~[ApacheJMeter_core.jar:5.6.2]
	at java.lang.Thread.run(Thread.java:1623) [?:?]
Caused by: java.lang.IllegalArgumentException: File \data\ordPet.csv must exist and be readable
	at org.apache.jmeter.services.FileServer.createBufferedReader(FileServer.java:424) ~[ApacheJMeter_core.jar:5.6.2]
	at org.apache.jmeter.services.FileServer.readLine(FileServer.java:340) ~[ApacheJMeter_core.jar:5.6.2]
	at org.apache.jmeter.services.FileServer.readLine(FileServer.java:324) ~[ApacheJMeter_core.jar:5.6.2]
	at org.apache.jmeter.services.FileServer.reserveFile(FileServer.java:272) ~[ApacheJMeter_core.jar:5.6.2]
	... 9 more
2023-08-16 11:44:01,199 INFO o.a.j.t.JMeterThread: Thread finished: Thread Group PetStore 1-5
2023-08-16 11:44:01,199 INFO o.a.j.e.StandardJMeterEngine: Notifying test listeners of end of test
2023-08-16 11:44:01,200 INFO o.a.j.g.u.JMeterMenuBar: setRunning(false, *local*)
2023-08-16 11:44:05,205 INFO o.a.j.e.StandardJMeterEngine: Running the test!
2023-08-16 11:44:05,205 INFO o.a.j.s.SampleEvent: List of sample_variables: []
2023-08-16 11:44:05,206 INFO o.a.j.g.u.JMeterMenuBar: setRunning(true, *local*)
2023-08-16 11:44:05,257 INFO o.a.j.e.StandardJMeterEngine: Starting ThreadGroup: 1 : Thread Group PetStore
2023-08-16 11:44:05,258 INFO o.a.j.e.StandardJMeterEngine: Starting 5 threads for group Thread Group PetStore.
2023-08-16 11:44:05,258 INFO o.a.j.e.StandardJMeterEngine: Thread will continue on error
2023-08-16 11:44:05,258 INFO o.a.j.t.ThreadGroup: Starting thread group... number=1 threads=5 ramp-up=5 delayedStart=false
2023-08-16 11:44:05,264 INFO o.a.j.t.JMeterThread: Thread started: Thread Group PetStore 1-1
2023-08-16 11:44:05,265 INFO o.a.j.s.FileServer: Stored: \data\ordPet.csv
2023-08-16 11:44:05,265 ERROR o.a.j.t.JMeterThread: Test failed!
java.lang.IllegalArgumentException: Could not read file header line for file \data\ordPet.csv
	at org.apache.jmeter.services.FileServer.reserveFile(FileServer.java:283) ~[ApacheJMeter_core.jar:5.6.2]
	at org.apache.jmeter.config.CSVDataSet.initVars(CSVDataSet.java:208) ~[ApacheJMeter_components.jar:5.6.2]
	at org.apache.jmeter.config.CSVDataSet.iterationStart(CSVDataSet.java:171) ~[ApacheJMeter_components.jar:5.6.2]
	at org.apache.jmeter.control.GenericController.fireIterationStart(GenericController.java:412) ~[ApacheJMeter_core.jar:5.6.2]
	at org.apache.jmeter.control.GenericController.fireIterEvents(GenericController.java:404) ~[ApacheJMeter_core.jar:5.6.2]
	at org.apache.jmeter.control.GenericController.next(GenericController.java:170) ~[ApacheJMeter_core.jar:5.6.2]
	at org.apache.jmeter.control.LoopController.next(LoopController.java:119) ~[ApacheJMeter_core.jar:5.6.2]
	at org.apache.jmeter.threads.AbstractThreadGroup.next(AbstractThreadGroup.java:109) ~[ApacheJMeter_core.jar:5.6.2]
	at org.apache.jmeter.threads.JMeterThread.run(JMeterThread.java:266) ~[ApacheJMeter_core.jar:5.6.2]
	at java.lang.Thread.run(Thread.java:1623) [?:?]
Caused by: java.lang.IllegalArgumentException: File \data\ordPet.csv must exist and be readable
	at org.apache.jmeter.services.FileServer.createBufferedReader(FileServer.java:424) ~[ApacheJMeter_core.jar:5.6.2]
	at org.apache.jmeter.services.FileServer.readLine(FileServer.java:340) ~[ApacheJMeter_core.jar:5.6.2]
	at org.apache.jmeter.services.FileServer.readLine(FileServer.java:324) ~[ApacheJMeter_core.jar:5.6.2]
	at org.apache.jmeter.services.FileServer.reserveFile(FileServer.java:272) ~[ApacheJMeter_core.jar:5.6.2]
	... 9 more
2023-08-16 11:44:05,296 INFO o.a.j.t.JMeterThread: Thread finished: Thread Group PetStore 1-1
2023-08-16 11:44:05,331 INFO o.a.j.t.ThreadGroup: Started thread group number 1
2023-08-16 11:44:05,331 INFO o.a.j.e.StandardJMeterEngine: All thread groups have been started
2023-08-16 11:44:06,262 INFO o.a.j.t.JMeterThread: Thread started: Thread Group PetStore 1-2
2023-08-16 11:44:06,262 ERROR o.a.j.t.JMeterThread: Test failed!
java.lang.IllegalArgumentException: Could not read file header line for file \data\ordPet.csv
	at org.apache.jmeter.services.FileServer.reserveFile(FileServer.java:283) ~[ApacheJMeter_core.jar:5.6.2]
	at org.apache.jmeter.config.CSVDataSet.initVars(CSVDataSet.java:208) ~[ApacheJMeter_components.jar:5.6.2]
	at org.apache.jmeter.config.CSVDataSet.iterationStart(CSVDataSet.java:171) ~[ApacheJMeter_components.jar:5.6.2]
	at org.apache.jmeter.control.GenericController.fireIterationStart(GenericController.java:412) ~[ApacheJMeter_core.jar:5.6.2]
	at org.apache.jmeter.control.GenericController.fireIterEvents(GenericController.java:404) ~[ApacheJMeter_core.jar:5.6.2]
	at org.apache.jmeter.control.GenericController.next(GenericController.java:170) ~[ApacheJMeter_core.jar:5.6.2]
	at org.apache.jmeter.control.LoopController.next(LoopController.java:119) ~[ApacheJMeter_core.jar:5.6.2]
	at org.apache.jmeter.threads.AbstractThreadGroup.next(AbstractThreadGroup.java:109) ~[ApacheJMeter_core.jar:5.6.2]
	at org.apache.jmeter.threads.JMeterThread.run(JMeterThread.java:266) ~[ApacheJMeter_core.jar:5.6.2]
	at java.lang.Thread.run(Thread.java:1623) [?:?]
Caused by: java.lang.IllegalArgumentException: File \data\ordPet.csv must exist and be readable
	at org.apache.jmeter.services.FileServer.createBufferedReader(FileServer.java:424) ~[ApacheJMeter_core.jar:5.6.2]
	at org.apache.jmeter.services.FileServer.readLine(FileServer.java:340) ~[ApacheJMeter_core.jar:5.6.2]
	at org.apache.jmeter.services.FileServer.readLine(FileServer.java:324) ~[ApacheJMeter_core.jar:5.6.2]
	at org.apache.jmeter.services.FileServer.reserveFile(FileServer.java:272) ~[ApacheJMeter_core.jar:5.6.2]
	... 9 more
2023-08-16 11:44:06,263 INFO o.a.j.t.JMeterThread: Thread finished: Thread Group PetStore 1-2
2023-08-16 11:44:07,329 INFO o.a.j.t.JMeterThread: Thread started: Thread Group PetStore 1-3
2023-08-16 11:44:07,330 ERROR o.a.j.t.JMeterThread: Test failed!
java.lang.IllegalArgumentException: Could not read file header line for file \data\ordPet.csv
	at org.apache.jmeter.services.FileServer.reserveFile(FileServer.java:283) ~[ApacheJMeter_core.jar:5.6.2]
	at org.apache.jmeter.config.CSVDataSet.initVars(CSVDataSet.java:208) ~[ApacheJMeter_components.jar:5.6.2]
	at org.apache.jmeter.config.CSVDataSet.iterationStart(CSVDataSet.java:171) ~[ApacheJMeter_components.jar:5.6.2]
	at org.apache.jmeter.control.GenericController.fireIterationStart(GenericController.java:412) ~[ApacheJMeter_core.jar:5.6.2]
	at org.apache.jmeter.control.GenericController.fireIterEvents(GenericController.java:404) ~[ApacheJMeter_core.jar:5.6.2]
	at org.apache.jmeter.control.GenericController.next(GenericController.java:170) ~[ApacheJMeter_core.jar:5.6.2]
	at org.apache.jmeter.control.LoopController.next(LoopController.java:119) ~[ApacheJMeter_core.jar:5.6.2]
	at org.apache.jmeter.threads.AbstractThreadGroup.next(AbstractThreadGroup.java:109) ~[ApacheJMeter_core.jar:5.6.2]
	at org.apache.jmeter.threads.JMeterThread.run(JMeterThread.java:266) ~[ApacheJMeter_core.jar:5.6.2]
	at java.lang.Thread.run(Thread.java:1623) [?:?]
Caused by: java.lang.IllegalArgumentException: File \data\ordPet.csv must exist and be readable
	at org.apache.jmeter.services.FileServer.createBufferedReader(FileServer.java:424) ~[ApacheJMeter_core.jar:5.6.2]
	at org.apache.jmeter.services.FileServer.readLine(FileServer.java:340) ~[ApacheJMeter_core.jar:5.6.2]
	at org.apache.jmeter.services.FileServer.readLine(FileServer.java:324) ~[ApacheJMeter_core.jar:5.6.2]
	at org.apache.jmeter.services.FileServer.reserveFile(FileServer.java:272) ~[ApacheJMeter_core.jar:5.6.2]
	... 9 more
2023-08-16 11:44:07,330 INFO o.a.j.t.JMeterThread: Thread finished: Thread Group PetStore 1-3
2023-08-16 11:44:08,261 INFO o.a.j.t.JMeterThread: Thread started: Thread Group PetStore 1-4
2023-08-16 11:44:08,262 ERROR o.a.j.t.JMeterThread: Test failed!
java.lang.IllegalArgumentException: Could not read file header line for file \data\ordPet.csv
	at org.apache.jmeter.services.FileServer.reserveFile(FileServer.java:283) ~[ApacheJMeter_core.jar:5.6.2]
	at org.apache.jmeter.config.CSVDataSet.initVars(CSVDataSet.java:208) ~[ApacheJMeter_components.jar:5.6.2]
	at org.apache.jmeter.config.CSVDataSet.iterationStart(CSVDataSet.java:171) ~[ApacheJMeter_components.jar:5.6.2]
	at org.apache.jmeter.control.GenericController.fireIterationStart(GenericController.java:412) ~[ApacheJMeter_core.jar:5.6.2]
	at org.apache.jmeter.control.GenericController.fireIterEvents(GenericController.java:404) ~[ApacheJMeter_core.jar:5.6.2]
	at org.apache.jmeter.control.GenericController.next(GenericController.java:170) ~[ApacheJMeter_core.jar:5.6.2]
	at org.apache.jmeter.control.LoopController.next(LoopController.java:119) ~[ApacheJMeter_core.jar:5.6.2]
	at org.apache.jmeter.threads.AbstractThreadGroup.next(AbstractThreadGroup.java:109) ~[ApacheJMeter_core.jar:5.6.2]
	at org.apache.jmeter.threads.JMeterThread.run(JMeterThread.java:266) ~[ApacheJMeter_core.jar:5.6.2]
	at java.lang.Thread.run(Thread.java:1623) [?:?]
Caused by: java.lang.IllegalArgumentException: File \data\ordPet.csv must exist and be readable
	at org.apache.jmeter.services.FileServer.createBufferedReader(FileServer.java:424) ~[ApacheJMeter_core.jar:5.6.2]
	at org.apache.jmeter.services.FileServer.readLine(FileServer.java:340) ~[ApacheJMeter_core.jar:5.6.2]
	at org.apache.jmeter.services.FileServer.readLine(FileServer.java:324) ~[ApacheJMeter_core.jar:5.6.2]
	at org.apache.jmeter.services.FileServer.reserveFile(FileServer.java:272) ~[ApacheJMeter_core.jar:5.6.2]
	... 9 more
2023-08-16 11:44:08,262 INFO o.a.j.t.JMeterThread: Thread finished: Thread Group PetStore 1-4
2023-08-16 11:44:09,264 INFO o.a.j.t.JMeterThread: Thread started: Thread Group PetStore 1-5
2023-08-16 11:44:09,264 ERROR o.a.j.t.JMeterThread: Test failed!
java.lang.IllegalArgumentException: Could not read file header line for file \data\ordPet.csv
	at org.apache.jmeter.services.FileServer.reserveFile(FileServer.java:283) ~[ApacheJMeter_core.jar:5.6.2]
	at org.apache.jmeter.config.CSVDataSet.initVars(CSVDataSet.java:208) ~[ApacheJMeter_components.jar:5.6.2]
	at org.apache.jmeter.config.CSVDataSet.iterationStart(CSVDataSet.java:171) ~[ApacheJMeter_components.jar:5.6.2]
	at org.apache.jmeter.control.GenericController.fireIterationStart(GenericController.java:412) ~[ApacheJMeter_core.jar:5.6.2]
	at org.apache.jmeter.control.GenericController.fireIterEvents(GenericController.java:404) ~[ApacheJMeter_core.jar:5.6.2]
	at org.apache.jmeter.control.GenericController.next(GenericController.java:170) ~[ApacheJMeter_core.jar:5.6.2]
	at org.apache.jmeter.control.LoopController.next(LoopController.java:119) ~[ApacheJMeter_core.jar:5.6.2]
	at org.apache.jmeter.threads.AbstractThreadGroup.next(AbstractThreadGroup.java:109) ~[ApacheJMeter_core.jar:5.6.2]
	at org.apache.jmeter.threads.JMeterThread.run(JMeterThread.java:266) ~[ApacheJMeter_core.jar:5.6.2]
	at java.lang.Thread.run(Thread.java:1623) [?:?]
Caused by: java.lang.IllegalArgumentException: File \data\ordPet.csv must exist and be readable
	at org.apache.jmeter.services.FileServer.createBufferedReader(FileServer.java:424) ~[ApacheJMeter_core.jar:5.6.2]
	at org.apache.jmeter.services.FileServer.readLine(FileServer.java:340) ~[ApacheJMeter_core.jar:5.6.2]
	at org.apache.jmeter.services.FileServer.readLine(FileServer.java:324) ~[ApacheJMeter_core.jar:5.6.2]
	at org.apache.jmeter.services.FileServer.reserveFile(FileServer.java:272) ~[ApacheJMeter_core.jar:5.6.2]
	... 9 more
2023-08-16 11:44:09,264 INFO o.a.j.t.JMeterThread: Thread finished: Thread Group PetStore 1-5
2023-08-16 11:44:09,264 INFO o.a.j.e.StandardJMeterEngine: Notifying test listeners of end of test
2023-08-16 11:44:09,265 INFO o.a.j.g.u.JMeterMenuBar: setRunning(false, *local*)
2023-08-16 11:44:33,998 INFO o.a.j.e.StandardJMeterEngine: Running the test!
2023-08-16 11:44:33,999 INFO o.a.j.s.SampleEvent: List of sample_variables: []
2023-08-16 11:44:34,000 INFO o.a.j.g.u.JMeterMenuBar: setRunning(true, *local*)
2023-08-16 11:44:34,032 INFO o.a.j.e.StandardJMeterEngine: Starting ThreadGroup: 1 : Thread Group PetStore
2023-08-16 11:44:34,032 INFO o.a.j.e.StandardJMeterEngine: Starting 5 threads for group Thread Group PetStore.
2023-08-16 11:44:34,032 INFO o.a.j.e.StandardJMeterEngine: Thread will continue on error
2023-08-16 11:44:34,032 INFO o.a.j.t.ThreadGroup: Starting thread group... number=1 threads=5 ramp-up=5 delayedStart=false
2023-08-16 11:44:34,033 INFO o.a.j.t.JMeterThread: Thread started: Thread Group PetStore 1-1
2023-08-16 11:44:34,034 INFO o.a.j.s.FileServer: Stored: /data/ordPet.csv
2023-08-16 11:44:34,034 ERROR o.a.j.t.JMeterThread: Test failed!
java.lang.IllegalArgumentException: Could not read file header line for file /data/ordPet.csv
	at org.apache.jmeter.services.FileServer.reserveFile(FileServer.java:283) ~[ApacheJMeter_core.jar:5.6.2]
	at org.apache.jmeter.config.CSVDataSet.initVars(CSVDataSet.java:208) ~[ApacheJMeter_components.jar:5.6.2]
	at org.apache.jmeter.config.CSVDataSet.iterationStart(CSVDataSet.java:171) ~[ApacheJMeter_components.jar:5.6.2]
	at org.apache.jmeter.control.GenericController.fireIterationStart(GenericController.java:412) ~[ApacheJMeter_core.jar:5.6.2]
	at org.apache.jmeter.control.GenericController.fireIterEvents(GenericController.java:404) ~[ApacheJMeter_core.jar:5.6.2]
	at org.apache.jmeter.control.GenericController.next(GenericController.java:170) ~[ApacheJMeter_core.jar:5.6.2]
	at org.apache.jmeter.control.LoopController.next(LoopController.java:119) ~[ApacheJMeter_core.jar:5.6.2]
	at org.apache.jmeter.threads.AbstractThreadGroup.next(AbstractThreadGroup.java:109) ~[ApacheJMeter_core.jar:5.6.2]
	at org.apache.jmeter.threads.JMeterThread.run(JMeterThread.java:266) ~[ApacheJMeter_core.jar:5.6.2]
	at java.lang.Thread.run(Thread.java:1623) [?:?]
Caused by: java.lang.IllegalArgumentException: File ordPet.csv must exist and be readable
	at org.apache.jmeter.services.FileServer.createBufferedReader(FileServer.java:424) ~[ApacheJMeter_core.jar:5.6.2]
	at org.apache.jmeter.services.FileServer.readLine(FileServer.java:340) ~[ApacheJMeter_core.jar:5.6.2]
	at org.apache.jmeter.services.FileServer.readLine(FileServer.java:324) ~[ApacheJMeter_core.jar:5.6.2]
	at org.apache.jmeter.services.FileServer.reserveFile(FileServer.java:272) ~[ApacheJMeter_core.jar:5.6.2]
	... 9 more
2023-08-16 11:44:34,034 INFO o.a.j.t.JMeterThread: Thread finished: Thread Group PetStore 1-1
2023-08-16 11:44:34,035 INFO o.a.j.t.ThreadGroup: Started thread group number 1
2023-08-16 11:44:34,035 INFO o.a.j.e.StandardJMeterEngine: All thread groups have been started
2023-08-16 11:44:35,038 INFO o.a.j.t.JMeterThread: Thread started: Thread Group PetStore 1-2
2023-08-16 11:44:35,039 ERROR o.a.j.t.JMeterThread: Test failed!
java.lang.IllegalArgumentException: Could not read file header line for file /data/ordPet.csv
	at org.apache.jmeter.services.FileServer.reserveFile(FileServer.java:283) ~[ApacheJMeter_core.jar:5.6.2]
	at org.apache.jmeter.config.CSVDataSet.initVars(CSVDataSet.java:208) ~[ApacheJMeter_components.jar:5.6.2]
	at org.apache.jmeter.config.CSVDataSet.iterationStart(CSVDataSet.java:171) ~[ApacheJMeter_components.jar:5.6.2]
	at org.apache.jmeter.control.GenericController.fireIterationStart(GenericController.java:412) ~[ApacheJMeter_core.jar:5.6.2]
	at org.apache.jmeter.control.GenericController.fireIterEvents(GenericController.java:404) ~[ApacheJMeter_core.jar:5.6.2]
	at org.apache.jmeter.control.GenericController.next(GenericController.java:170) ~[ApacheJMeter_core.jar:5.6.2]
	at org.apache.jmeter.control.LoopController.next(LoopController.java:119) ~[ApacheJMeter_core.jar:5.6.2]
	at org.apache.jmeter.threads.AbstractThreadGroup.next(AbstractThreadGroup.java:109) ~[ApacheJMeter_core.jar:5.6.2]
	at org.apache.jmeter.threads.JMeterThread.run(JMeterThread.java:266) ~[ApacheJMeter_core.jar:5.6.2]
	at java.lang.Thread.run(Thread.java:1623) [?:?]
Caused by: java.lang.IllegalArgumentException: File ordPet.csv must exist and be readable
	at org.apache.jmeter.services.FileServer.createBufferedReader(FileServer.java:424) ~[ApacheJMeter_core.jar:5.6.2]
	at org.apache.jmeter.services.FileServer.readLine(FileServer.java:340) ~[ApacheJMeter_core.jar:5.6.2]
	at org.apache.jmeter.services.FileServer.readLine(FileServer.java:324) ~[ApacheJMeter_core.jar:5.6.2]
	at org.apache.jmeter.services.FileServer.reserveFile(FileServer.java:272) ~[ApacheJMeter_core.jar:5.6.2]
	... 9 more
2023-08-16 11:44:35,039 INFO o.a.j.t.JMeterThread: Thread finished: Thread Group PetStore 1-2
2023-08-16 11:44:36,039 INFO o.a.j.t.JMeterThread: Thread started: Thread Group PetStore 1-3
2023-08-16 11:44:36,039 ERROR o.a.j.t.JMeterThread: Test failed!
java.lang.IllegalArgumentException: Could not read file header line for file /data/ordPet.csv
	at org.apache.jmeter.services.FileServer.reserveFile(FileServer.java:283) ~[ApacheJMeter_core.jar:5.6.2]
	at org.apache.jmeter.config.CSVDataSet.initVars(CSVDataSet.java:208) ~[ApacheJMeter_components.jar:5.6.2]
	at org.apache.jmeter.config.CSVDataSet.iterationStart(CSVDataSet.java:171) ~[ApacheJMeter_components.jar:5.6.2]
	at org.apache.jmeter.control.GenericController.fireIterationStart(GenericController.java:412) ~[ApacheJMeter_core.jar:5.6.2]
	at org.apache.jmeter.control.GenericController.fireIterEvents(GenericController.java:404) ~[ApacheJMeter_core.jar:5.6.2]
	at org.apache.jmeter.control.GenericController.next(GenericController.java:170) ~[ApacheJMeter_core.jar:5.6.2]
	at org.apache.jmeter.control.LoopController.next(LoopController.java:119) ~[ApacheJMeter_core.jar:5.6.2]
	at org.apache.jmeter.threads.AbstractThreadGroup.next(AbstractThreadGroup.java:109) ~[ApacheJMeter_core.jar:5.6.2]
	at org.apache.jmeter.threads.JMeterThread.run(JMeterThread.java:266) ~[ApacheJMeter_core.jar:5.6.2]
	at java.lang.Thread.run(Thread.java:1623) [?:?]
Caused by: java.lang.IllegalArgumentException: File ordPet.csv must exist and be readable
	at org.apache.jmeter.services.FileServer.createBufferedReader(FileServer.java:424) ~[ApacheJMeter_core.jar:5.6.2]
	at org.apache.jmeter.services.FileServer.readLine(FileServer.java:340) ~[ApacheJMeter_core.jar:5.6.2]
	at org.apache.jmeter.services.FileServer.readLine(FileServer.java:324) ~[ApacheJMeter_core.jar:5.6.2]
	at org.apache.jmeter.services.FileServer.reserveFile(FileServer.java:272) ~[ApacheJMeter_core.jar:5.6.2]
	... 9 more
2023-08-16 11:44:36,040 INFO o.a.j.t.JMeterThread: Thread finished: Thread Group PetStore 1-3
2023-08-16 11:44:37,039 INFO o.a.j.t.JMeterThread: Thread started: Thread Group PetStore 1-4
2023-08-16 11:44:37,041 ERROR o.a.j.t.JMeterThread: Test failed!
java.lang.IllegalArgumentException: Could not read file header line for file /data/ordPet.csv
	at org.apache.jmeter.services.FileServer.reserveFile(FileServer.java:283) ~[ApacheJMeter_core.jar:5.6.2]
	at org.apache.jmeter.config.CSVDataSet.initVars(CSVDataSet.java:208) ~[ApacheJMeter_components.jar:5.6.2]
	at org.apache.jmeter.config.CSVDataSet.iterationStart(CSVDataSet.java:171) ~[ApacheJMeter_components.jar:5.6.2]
	at org.apache.jmeter.control.GenericController.fireIterationStart(GenericController.java:412) ~[ApacheJMeter_core.jar:5.6.2]
	at org.apache.jmeter.control.GenericController.fireIterEvents(GenericController.java:404) ~[ApacheJMeter_core.jar:5.6.2]
	at org.apache.jmeter.control.GenericController.next(GenericController.java:170) ~[ApacheJMeter_core.jar:5.6.2]
	at org.apache.jmeter.control.LoopController.next(LoopController.java:119) ~[ApacheJMeter_core.jar:5.6.2]
	at org.apache.jmeter.threads.AbstractThreadGroup.next(AbstractThreadGroup.java:109) ~[ApacheJMeter_core.jar:5.6.2]
	at org.apache.jmeter.threads.JMeterThread.run(JMeterThread.java:266) ~[ApacheJMeter_core.jar:5.6.2]
	at java.lang.Thread.run(Thread.java:1623) [?:?]
Caused by: java.lang.IllegalArgumentException: File ordPet.csv must exist and be readable
	at org.apache.jmeter.services.FileServer.createBufferedReader(FileServer.java:424) ~[ApacheJMeter_core.jar:5.6.2]
	at org.apache.jmeter.services.FileServer.readLine(FileServer.java:340) ~[ApacheJMeter_core.jar:5.6.2]
	at org.apache.jmeter.services.FileServer.readLine(FileServer.java:324) ~[ApacheJMeter_core.jar:5.6.2]
	at org.apache.jmeter.services.FileServer.reserveFile(FileServer.java:272) ~[ApacheJMeter_core.jar:5.6.2]
	... 9 more
2023-08-16 11:44:37,042 INFO o.a.j.t.JMeterThread: Thread finished: Thread Group PetStore 1-4
2023-08-16 11:44:38,036 INFO o.a.j.t.JMeterThread: Thread started: Thread Group PetStore 1-5
2023-08-16 11:44:38,036 ERROR o.a.j.t.JMeterThread: Test failed!
java.lang.IllegalArgumentException: Could not read file header line for file /data/ordPet.csv
	at org.apache.jmeter.services.FileServer.reserveFile(FileServer.java:283) ~[ApacheJMeter_core.jar:5.6.2]
	at org.apache.jmeter.config.CSVDataSet.initVars(CSVDataSet.java:208) ~[ApacheJMeter_components.jar:5.6.2]
	at org.apache.jmeter.config.CSVDataSet.iterationStart(CSVDataSet.java:171) ~[ApacheJMeter_components.jar:5.6.2]
	at org.apache.jmeter.control.GenericController.fireIterationStart(GenericController.java:412) ~[ApacheJMeter_core.jar:5.6.2]
	at org.apache.jmeter.control.GenericController.fireIterEvents(GenericController.java:404) ~[ApacheJMeter_core.jar:5.6.2]
	at org.apache.jmeter.control.GenericController.next(GenericController.java:170) ~[ApacheJMeter_core.jar:5.6.2]
	at org.apache.jmeter.control.LoopController.next(LoopController.java:119) ~[ApacheJMeter_core.jar:5.6.2]
	at org.apache.jmeter.threads.AbstractThreadGroup.next(AbstractThreadGroup.java:109) ~[ApacheJMeter_core.jar:5.6.2]
	at org.apache.jmeter.threads.JMeterThread.run(JMeterThread.java:266) ~[ApacheJMeter_core.jar:5.6.2]
	at java.lang.Thread.run(Thread.java:1623) [?:?]
Caused by: java.lang.IllegalArgumentException: File ordPet.csv must exist and be readable
	at org.apache.jmeter.services.FileServer.createBufferedReader(FileServer.java:424) ~[ApacheJMeter_core.jar:5.6.2]
	at org.apache.jmeter.services.FileServer.readLine(FileServer.java:340) ~[ApacheJMeter_core.jar:5.6.2]
	at org.apache.jmeter.services.FileServer.readLine(FileServer.java:324) ~[ApacheJMeter_core.jar:5.6.2]
	at org.apache.jmeter.services.FileServer.reserveFile(FileServer.java:272) ~[ApacheJMeter_core.jar:5.6.2]
	... 9 more
2023-08-16 11:44:38,037 INFO o.a.j.t.JMeterThread: Thread finished: Thread Group PetStore 1-5
2023-08-16 11:44:38,037 INFO o.a.j.e.StandardJMeterEngine: Notifying test listeners of end of test
2023-08-16 11:44:38,037 INFO o.a.j.g.u.JMeterMenuBar: setRunning(false, *local*)
2023-08-16 11:44:53,104 INFO o.a.j.e.StandardJMeterEngine: Running the test!
2023-08-16 11:44:53,105 INFO o.a.j.s.SampleEvent: List of sample_variables: []
2023-08-16 11:44:53,106 INFO o.a.j.g.u.JMeterMenuBar: setRunning(true, *local*)
2023-08-16 11:44:53,134 INFO o.a.j.e.StandardJMeterEngine: Starting ThreadGroup: 1 : Thread Group PetStore
2023-08-16 11:44:53,134 INFO o.a.j.e.StandardJMeterEngine: Starting 5 threads for group Thread Group PetStore.
2023-08-16 11:44:53,134 INFO o.a.j.e.StandardJMeterEngine: Thread will continue on error
2023-08-16 11:44:53,134 INFO o.a.j.t.ThreadGroup: Starting thread group... number=1 threads=5 ramp-up=5 delayedStart=false
2023-08-16 11:44:53,135 INFO o.a.j.t.JMeterThread: Thread started: Thread Group PetStore 1-1
2023-08-16 11:44:53,135 INFO o.a.j.s.FileServer: Stored: ./data/ordPet.csv
2023-08-16 11:44:53,136 INFO o.a.j.t.ThreadGroup: Started thread group number 1
2023-08-16 11:44:53,136 INFO o.a.j.e.StandardJMeterEngine: All thread groups have been started
2023-08-16 11:44:53,980 ERROR o.a.j.e.j.j.JSONPostProcessor: Error processing JSON content in JSON Extractor, message: json can not be null or empty
2023-08-16 11:44:54,137 INFO o.a.j.t.JMeterThread: Thread started: Thread Group PetStore 1-2
2023-08-16 11:44:54,240 ERROR o.a.j.e.j.j.JSONPostProcessor: Error processing JSON content in JSON Extractor, message: json can not be null or empty
2023-08-16 11:44:54,497 ERROR o.a.j.e.j.j.JSONPostProcessor: Error processing JSON content in JSON Extractor, message: json can not be null or empty
2023-08-16 11:44:54,761 ERROR o.a.j.e.j.j.JSONPostProcessor: Error processing JSON content in JSON Extractor, message: json can not be null or empty
2023-08-16 11:44:54,953 ERROR o.a.j.e.j.j.JSONPostProcessor: Error processing JSON content in JSON Extractor, message: json can not be null or empty
2023-08-16 11:44:55,017 ERROR o.a.j.e.j.j.JSONPostProcessor: Error processing JSON content in JSON Extractor, message: json can not be null or empty
2023-08-16 11:44:55,139 INFO o.a.j.t.JMeterThread: Thread started: Thread Group PetStore 1-3
2023-08-16 11:44:55,143 INFO o.a.j.t.JMeterThread: Thread is done: Thread Group PetStore 1-1
2023-08-16 11:44:55,144 INFO o.a.j.t.JMeterThread: Thread finished: Thread Group PetStore 1-1
2023-08-16 11:44:55,238 ERROR o.a.j.e.j.j.JSONPostProcessor: Error processing JSON content in JSON Extractor, message: json can not be null or empty
2023-08-16 11:44:55,506 ERROR o.a.j.e.j.j.JSONPostProcessor: Error processing JSON content in JSON Extractor, message: json can not be null or empty
2023-08-16 11:44:55,777 ERROR o.a.j.e.j.j.JSONPostProcessor: Error processing JSON content in JSON Extractor, message: json can not be null or empty
2023-08-16 11:44:55,937 ERROR o.a.j.e.j.j.JSONPostProcessor: Error processing JSON content in JSON Extractor, message: json can not be null or empty
2023-08-16 11:44:56,047 ERROR o.a.j.e.j.j.JSONPostProcessor: Error processing JSON content in JSON Extractor, message: json can not be null or empty
2023-08-16 11:44:56,141 INFO o.a.j.t.JMeterThread: Thread started: Thread Group PetStore 1-4
2023-08-16 11:44:56,181 INFO o.a.j.t.JMeterThread: Thread is done: Thread Group PetStore 1-2
2023-08-16 11:44:56,181 INFO o.a.j.t.JMeterThread: Thread finished: Thread Group PetStore 1-2
2023-08-16 11:44:56,209 ERROR o.a.j.e.j.j.JSONPostProcessor: Error processing JSON content in JSON Extractor, message: json can not be null or empty
2023-08-16 11:44:56,481 ERROR o.a.j.e.j.j.JSONPostProcessor: Error processing JSON content in JSON Extractor, message: json can not be null or empty
2023-08-16 11:44:56,750 ERROR o.a.j.e.j.j.JSONPostProcessor: Error processing JSON content in JSON Extractor, message: json can not be null or empty
2023-08-16 11:44:56,927 ERROR o.a.j.e.j.j.JSONPostProcessor: Error processing JSON content in JSON Extractor, message: json can not be null or empty
2023-08-16 11:44:57,018 ERROR o.a.j.e.j.j.JSONPostProcessor: Error processing JSON content in JSON Extractor, message: json can not be null or empty
2023-08-16 11:44:57,138 INFO o.a.j.t.JMeterThread: Thread started: Thread Group PetStore 1-5
2023-08-16 11:44:57,150 INFO o.a.j.t.JMeterThread: Thread is done: Thread Group PetStore 1-3
2023-08-16 11:44:57,151 INFO o.a.j.t.JMeterThread: Thread finished: Thread Group PetStore 1-3
2023-08-16 11:44:57,195 ERROR o.a.j.e.j.j.JSONPostProcessor: Error processing JSON content in JSON Extractor, message: json can not be null or empty
2023-08-16 11:44:57,460 ERROR o.a.j.e.j.j.JSONPostProcessor: Error processing JSON content in JSON Extractor, message: json can not be null or empty
2023-08-16 11:44:57,726 ERROR o.a.j.e.j.j.JSONPostProcessor: Error processing JSON content in JSON Extractor, message: json can not be null or empty
2023-08-16 11:44:57,895 ERROR o.a.j.e.j.j.JSONPostProcessor: Error processing JSON content in JSON Extractor, message: json can not be null or empty
2023-08-16 11:44:57,992 ERROR o.a.j.e.j.j.JSONPostProcessor: Error processing JSON content in JSON Extractor, message: json can not be null or empty
2023-08-16 11:44:58,124 INFO o.a.j.t.JMeterThread: Thread is done: Thread Group PetStore 1-4
2023-08-16 11:44:58,124 INFO o.a.j.t.JMeterThread: Thread finished: Thread Group PetStore 1-4
2023-08-16 11:44:58,154 ERROR o.a.j.e.j.j.JSONPostProcessor: Error processing JSON content in JSON Extractor, message: json can not be null or empty
2023-08-16 11:44:58,413 ERROR o.a.j.e.j.j.JSONPostProcessor: Error processing JSON content in JSON Extractor, message: json can not be null or empty
2023-08-16 11:44:58,677 ERROR o.a.j.e.j.j.JSONPostProcessor: Error processing JSON content in JSON Extractor, message: json can not be null or empty
2023-08-16 11:44:58,936 ERROR o.a.j.e.j.j.JSONPostProcessor: Error processing JSON content in JSON Extractor, message: json can not be null or empty
2023-08-16 11:44:59,064 INFO o.a.j.t.JMeterThread: Thread is done: Thread Group PetStore 1-5
2023-08-16 11:44:59,064 INFO o.a.j.t.JMeterThread: Thread finished: Thread Group PetStore 1-5
2023-08-16 11:44:59,065 INFO o.a.j.e.StandardJMeterEngine: Notifying test listeners of end of test
2023-08-16 11:44:59,065 INFO o.a.j.s.FileServer: Close: ./data/ordPet.csv
2023-08-16 11:44:59,065 INFO o.a.j.g.u.JMeterMenuBar: setRunning(false, *local*)
