"Reference Handler" daemon prio=10 Id=8 RUNNABLE
	at java.base@20.0.2/java.lang.ref.Reference.waitForReferencePendingList(Native Method)
	at java.base@20.0.2/java.lang.ref.Reference.processPendingReferences(Reference.java:246)
	at java.base@20.0.2/java.lang.ref.Reference$ReferenceHandler.run(Reference.java:208)

"Finalizer" daemon prio=8 Id=9 WAITING on java.lang.ref.NativeReferenceQueue$Lock@af25cfb
	at java.base@20.0.2/java.lang.Object.wait0(Native Method)
	-  waiting on java.lang.ref.NativeReferenceQueue$Lock@af25cfb
	at java.base@20.0.2/java.lang.Object.wait(Object.java:366)
	at java.base@20.0.2/java.lang.Object.wait(Object.java:339)
	at java.base@20.0.2/java.lang.ref.NativeReferenceQueue.await(NativeReferenceQueue.java:48)
	at java.base@20.0.2/java.lang.ref.ReferenceQueue.remove0(ReferenceQueue.java:158)
	at java.base@20.0.2/java.lang.ref.NativeReferenceQueue.remove(NativeReferenceQueue.java:89)
	at java.base@20.0.2/java.lang.ref.Finalizer$FinalizerThread.run(Finalizer.java:173)

"Signal Dispatcher" daemon prio=9 Id=10 RUNNABLE

"Common-Cleaner" daemon prio=8 Id=17 TIMED_WAITING on java.util.concurrent.locks.AbstractQueuedSynchronizer$ConditionObject@5358853e
	at java.base@20.0.2/jdk.internal.misc.Unsafe.park(Native Method)
	-  waiting on java.util.concurrent.locks.AbstractQueuedSynchronizer$ConditionObject@5358853e
	at java.base@20.0.2/java.util.concurrent.locks.LockSupport.parkNanos(LockSupport.java:269)
	at java.base@20.0.2/java.util.concurrent.locks.AbstractQueuedSynchronizer$ConditionObject.await(AbstractQueuedSynchronizer.java:1847)
	at java.base@20.0.2/java.lang.ref.ReferenceQueue.await(ReferenceQueue.java:71)
	at java.base@20.0.2/java.lang.ref.ReferenceQueue.remove0(ReferenceQueue.java:143)
	at java.base@20.0.2/java.lang.ref.ReferenceQueue.remove(ReferenceQueue.java:218)
	at java.base@20.0.2/jdk.internal.ref.CleanerImpl.run(CleanerImpl.java:140)
	at java.base@20.0.2/java.lang.Thread.runWith(Thread.java:1636)
	...

"Notification Thread" daemon prio=9 Id=18 RUNNABLE

"Timer-0" daemon prio=5 Id=24 WAITING on java.util.TaskQueue@26f22a1d
	at java.base@20.0.2/java.lang.Object.wait0(Native Method)
	-  waiting on java.util.TaskQueue@26f22a1d
	at java.base@20.0.2/java.lang.Object.wait(Object.java:366)
	at java.base@20.0.2/java.lang.Object.wait(Object.java:339)
	at java.base@20.0.2/java.util.TimerThread.mainLoop(Timer.java:537)
	at java.base@20.0.2/java.util.TimerThread.run(Timer.java:516)

"AppKit Thread" daemon prio=5 Id=26 RUNNABLE (in native)

"AWT-Shutdown" prio=5 Id=27 WAITING on java.lang.Object@75b4982b
	at java.base@20.0.2/java.lang.Object.wait0(Native Method)
	-  waiting on java.lang.Object@75b4982b
	at java.base@20.0.2/java.lang.Object.wait(Object.java:366)
	at java.base@20.0.2/java.lang.Object.wait(Object.java:339)
	at java.desktop@20.0.2/sun.awt.AWTAutoShutdown.run(AWTAutoShutdown.java:291)
	at java.base@20.0.2/java.lang.Thread.runWith(Thread.java:1636)
	at java.base@20.0.2/java.lang.Thread.run(Thread.java:1623)

"TimerQueue" daemon prio=5 Id=29 TIMED_WAITING on java.util.concurrent.locks.AbstractQueuedSynchronizer$ConditionObject@7a5f0e1e
	at java.base@20.0.2/jdk.internal.misc.Unsafe.park(Native Method)
	-  waiting on java.util.concurrent.locks.AbstractQueuedSynchronizer$ConditionObject@7a5f0e1e
	at java.base@20.0.2/java.util.concurrent.locks.LockSupport.parkNanos(LockSupport.java:269)
	at java.base@20.0.2/java.util.concurrent.locks.AbstractQueuedSynchronizer$ConditionObject.awaitNanos(AbstractQueuedSynchronizer.java:1758)
	at java.base@20.0.2/java.util.concurrent.DelayQueue.take(DelayQueue.java:229)
	at java.desktop@20.0.2/javax.swing.TimerQueue.run(TimerQueue.java:165)
	at java.base@20.0.2/java.lang.Thread.runWith(Thread.java:1636)
	at java.base@20.0.2/java.lang.Thread.run(Thread.java:1623)

	Number of locked synchronizers = 1
	- java.util.concurrent.locks.ReentrantLock$NonfairSync@6db917e2

"AWT-EventQueue-0" prio=6 Id=30 RUNNABLE
	at java.management@20.0.2/sun.management.ThreadImpl.dumpThreads0(Native Method)
	at java.management@20.0.2/sun.management.ThreadImpl.dumpAllThreads(ThreadImpl.java:540)
	at java.management@20.0.2/sun.management.ThreadImpl.dumpAllThreads(ThreadImpl.java:527)
	at org.apache.jorphan.util.ThreadDumper.writeThreadDump(ThreadDumper.java:80)
	at org.apache.jorphan.util.ThreadDumper.threadDump(ThreadDumper.java:68)
	at org.apache.jorphan.util.ThreadDumper.threadDump(ThreadDumper.java:51)
	at org.apache.jmeter.gui.action.What.doAction(What.java:93)
	at org.apache.jmeter.gui.action.ActionRouter.performAction(ActionRouter.java:83)
	...

"Java2D Queue Flusher" daemon prio=10 Id=31 TIMED_WAITING on sun.java2d.metal.MTLRenderQueue$QueueFlusher@4d4a618a
	at java.base@20.0.2/java.lang.Object.wait0(Native Method)
	-  waiting on sun.java2d.metal.MTLRenderQueue$QueueFlusher@4d4a618a
	at java.base@20.0.2/java.lang.Object.wait(Object.java:366)
	at java.desktop@20.0.2/sun.java2d.metal.MTLRenderQueue$QueueFlusher.run(MTLRenderQueue.java:210)
	at java.base@20.0.2/java.lang.Thread.runWith(Thread.java:1636)
	at java.base@20.0.2/java.lang.Thread.run(Thread.java:1623)

"Java2D Disposer" daemon prio=10 Id=32 WAITING on java.util.concurrent.locks.AbstractQueuedSynchronizer$ConditionObject@1c6ecdc8
	at java.base@20.0.2/jdk.internal.misc.Unsafe.park(Native Method)
	-  waiting on java.util.concurrent.locks.AbstractQueuedSynchronizer$ConditionObject@1c6ecdc8
	at java.base@20.0.2/java.util.concurrent.locks.LockSupport.park(LockSupport.java:371)
	at java.base@20.0.2/java.util.concurrent.locks.AbstractQueuedSynchronizer$ConditionNode.block(AbstractQueuedSynchronizer.java:519)
	at java.base@20.0.2/java.util.concurrent.ForkJoinPool.unmanagedBlock(ForkJoinPool.java:3780)
	at java.base@20.0.2/java.util.concurrent.ForkJoinPool.managedBlock(ForkJoinPool.java:3725)
	at java.base@20.0.2/java.util.concurrent.locks.AbstractQueuedSynchronizer$ConditionObject.await(AbstractQueuedSynchronizer.java:1707)
	at java.base@20.0.2/java.lang.ref.ReferenceQueue.await(ReferenceQueue.java:67)
	at java.base@20.0.2/java.lang.ref.ReferenceQueue.remove0(ReferenceQueue.java:158)
	...

"DefaultDispatcher-worker-1" daemon prio=6 Id=39 TIMED_WAITING
	at java.base@20.0.2/jdk.internal.misc.Unsafe.park(Native Method)
	at java.base@20.0.2/java.util.concurrent.locks.LockSupport.parkNanos(LockSupport.java:410)
	at kotlinx.coroutines.scheduling.CoroutineScheduler$Worker.park(CoroutineScheduler.kt:838)
	at kotlinx.coroutines.scheduling.CoroutineScheduler$Worker.tryPark(CoroutineScheduler.kt:783)
	at kotlinx.coroutines.scheduling.CoroutineScheduler$Worker.runWorker(CoroutineScheduler.kt:731)
	at kotlinx.coroutines.scheduling.CoroutineScheduler$Worker.run(CoroutineScheduler.kt:684)

"DefaultDispatcher-worker-2" daemon prio=6 Id=40 TIMED_WAITING
	at java.base@20.0.2/jdk.internal.misc.Unsafe.park(Native Method)
	at java.base@20.0.2/java.util.concurrent.locks.LockSupport.parkNanos(LockSupport.java:410)
	at kotlinx.coroutines.scheduling.CoroutineScheduler$Worker.park(CoroutineScheduler.kt:838)
	at kotlinx.coroutines.scheduling.CoroutineScheduler$Worker.tryPark(CoroutineScheduler.kt:783)
	at kotlinx.coroutines.scheduling.CoroutineScheduler$Worker.runWorker(CoroutineScheduler.kt:731)
	at kotlinx.coroutines.scheduling.CoroutineScheduler$Worker.run(CoroutineScheduler.kt:684)

"DestroyJavaVM" prio=5 Id=41 RUNNABLE

